[2023-06-28T08:14:25.141+0000] {taskinstance.py:1103} INFO - Dependencies all met for dep_context=non-requeueable deps ti=<TaskInstance: bs_customer_invoice_dag.start_template_job manual__2023-06-28T08:14:15.138308+00:00 [queued]>
[2023-06-28T08:14:25.147+0000] {taskinstance.py:1103} INFO - Dependencies all met for dep_context=requeueable deps ti=<TaskInstance: bs_customer_invoice_dag.start_template_job manual__2023-06-28T08:14:15.138308+00:00 [queued]>
[2023-06-28T08:14:25.148+0000] {taskinstance.py:1308} INFO - Starting attempt 1 of 1
[2023-06-28T08:14:25.155+0000] {taskinstance.py:1327} INFO - Executing <Task(DataflowTemplatedJobStartOperator): start_template_job> on 2023-06-28 08:14:15.138308+00:00
[2023-06-28T08:14:25.160+0000] {standard_task_runner.py:57} INFO - Started process 467 to run task
[2023-06-28T08:14:25.163+0000] {standard_task_runner.py:84} INFO - Running: ['***', 'tasks', 'run', 'bs_customer_invoice_dag', 'start_template_job', 'manual__2023-06-28T08:14:15.138308+00:00', '--job-id', '16', '--raw', '--subdir', 'DAGS_FOLDER/bs_customer_invoice_chinook_dag.py', '--cfg-path', '/tmp/tmp86t6f7_j']
[2023-06-28T08:14:25.166+0000] {standard_task_runner.py:85} INFO - Job 16: Subtask start_template_job
[2023-06-28T08:14:25.207+0000] {task_command.py:410} INFO - Running <TaskInstance: bs_customer_invoice_dag.start_template_job manual__2023-06-28T08:14:15.138308+00:00 [running]> on host 5bcd2ea11ebc
[2023-06-28T08:14:25.268+0000] {taskinstance.py:1547} INFO - Exporting env vars: AIRFLOW_CTX_DAG_EMAIL='datokza@gmail.com' AIRFLOW_CTX_DAG_OWNER='okza' AIRFLOW_CTX_DAG_ID='bs_customer_invoice_dag' AIRFLOW_CTX_TASK_ID='start_template_job' AIRFLOW_CTX_EXECUTION_DATE='2023-06-28T08:14:15.138308+00:00' AIRFLOW_CTX_TRY_NUMBER='1' AIRFLOW_CTX_DAG_RUN_ID='manual__2023-06-28T08:14:15.138308+00:00'
[2023-06-28T08:14:25.277+0000] {base.py:73} INFO - Using connection ID 'google_cloud_default' for task execution.
[2023-06-28T08:14:31.113+0000] {dataflow.py:425} INFO - Start waiting for done.
[2023-06-28T08:14:32.307+0000] {dataflow.py:388} INFO - Google Cloud DataFlow job my-dataflow-job-77b8d252 is state: JOB_STATE_PENDING
[2023-06-28T08:14:32.311+0000] {dataflow.py:428} INFO - Waiting for done. Sleep 10 s
[2023-06-28T08:14:42.602+0000] {dataflow.py:388} INFO - Google Cloud DataFlow job my-dataflow-job-77b8d252 is state: JOB_STATE_RUNNING
[2023-06-28T08:14:42.609+0000] {dataflow.py:428} INFO - Waiting for done. Sleep 10 s
[2023-06-28T08:14:53.734+0000] {dataflow.py:388} INFO - Google Cloud DataFlow job my-dataflow-job-77b8d252 is state: JOB_STATE_RUNNING
[2023-06-28T08:14:53.736+0000] {dataflow.py:428} INFO - Waiting for done. Sleep 10 s
[2023-06-28T08:15:04.061+0000] {dataflow.py:388} INFO - Google Cloud DataFlow job my-dataflow-job-77b8d252 is state: JOB_STATE_RUNNING
[2023-06-28T08:15:04.068+0000] {dataflow.py:428} INFO - Waiting for done. Sleep 10 s
[2023-06-28T08:15:14.354+0000] {dataflow.py:388} INFO - Google Cloud DataFlow job my-dataflow-job-77b8d252 is state: JOB_STATE_RUNNING
[2023-06-28T08:15:14.360+0000] {dataflow.py:428} INFO - Waiting for done. Sleep 10 s
[2023-06-28T08:15:24.662+0000] {dataflow.py:388} INFO - Google Cloud DataFlow job my-dataflow-job-77b8d252 is state: JOB_STATE_RUNNING
[2023-06-28T08:15:24.672+0000] {dataflow.py:428} INFO - Waiting for done. Sleep 10 s
[2023-06-28T08:15:34.993+0000] {dataflow.py:388} INFO - Google Cloud DataFlow job my-dataflow-job-77b8d252 is state: JOB_STATE_RUNNING
[2023-06-28T08:15:34.999+0000] {dataflow.py:428} INFO - Waiting for done. Sleep 10 s
[2023-06-28T08:15:45.319+0000] {dataflow.py:388} INFO - Google Cloud DataFlow job my-dataflow-job-77b8d252 is state: JOB_STATE_RUNNING
[2023-06-28T08:15:45.325+0000] {dataflow.py:428} INFO - Waiting for done. Sleep 10 s
[2023-06-28T08:15:55.687+0000] {dataflow.py:388} INFO - Google Cloud DataFlow job my-dataflow-job-77b8d252 is state: JOB_STATE_RUNNING
[2023-06-28T08:15:55.692+0000] {dataflow.py:428} INFO - Waiting for done. Sleep 10 s
[2023-06-28T08:16:05.961+0000] {dataflow.py:388} INFO - Google Cloud DataFlow job my-dataflow-job-77b8d252 is state: JOB_STATE_RUNNING
[2023-06-28T08:16:05.968+0000] {dataflow.py:428} INFO - Waiting for done. Sleep 10 s
[2023-06-28T08:16:16.229+0000] {dataflow.py:388} INFO - Google Cloud DataFlow job my-dataflow-job-77b8d252 is state: JOB_STATE_RUNNING
[2023-06-28T08:16:16.231+0000] {dataflow.py:428} INFO - Waiting for done. Sleep 10 s
[2023-06-28T08:16:26.524+0000] {dataflow.py:388} INFO - Google Cloud DataFlow job my-dataflow-job-77b8d252 is state: JOB_STATE_RUNNING
[2023-06-28T08:16:26.529+0000] {dataflow.py:428} INFO - Waiting for done. Sleep 10 s
[2023-06-28T08:16:36.858+0000] {dataflow.py:388} INFO - Google Cloud DataFlow job my-dataflow-job-77b8d252 is state: JOB_STATE_RUNNING
[2023-06-28T08:16:36.860+0000] {dataflow.py:428} INFO - Waiting for done. Sleep 10 s
[2023-06-28T08:16:47.146+0000] {dataflow.py:388} INFO - Google Cloud DataFlow job my-dataflow-job-77b8d252 is state: JOB_STATE_RUNNING
[2023-06-28T08:16:47.150+0000] {dataflow.py:428} INFO - Waiting for done. Sleep 10 s
[2023-06-28T08:16:57.447+0000] {dataflow.py:388} INFO - Google Cloud DataFlow job my-dataflow-job-77b8d252 is state: JOB_STATE_RUNNING
[2023-06-28T08:16:57.453+0000] {dataflow.py:428} INFO - Waiting for done. Sleep 10 s
[2023-06-28T08:17:07.793+0000] {dataflow.py:388} INFO - Google Cloud DataFlow job my-dataflow-job-77b8d252 is state: JOB_STATE_RUNNING
[2023-06-28T08:17:07.796+0000] {dataflow.py:428} INFO - Waiting for done. Sleep 10 s
[2023-06-28T08:17:18.067+0000] {dataflow.py:388} INFO - Google Cloud DataFlow job my-dataflow-job-77b8d252 is state: JOB_STATE_RUNNING
[2023-06-28T08:17:18.077+0000] {dataflow.py:428} INFO - Waiting for done. Sleep 10 s
[2023-06-28T08:17:28.338+0000] {dataflow.py:388} INFO - Google Cloud DataFlow job my-dataflow-job-77b8d252 is state: JOB_STATE_RUNNING
[2023-06-28T08:17:28.342+0000] {dataflow.py:428} INFO - Waiting for done. Sleep 10 s
[2023-06-28T08:17:38.609+0000] {dataflow.py:388} INFO - Google Cloud DataFlow job my-dataflow-job-77b8d252 is state: JOB_STATE_RUNNING
[2023-06-28T08:17:38.613+0000] {dataflow.py:428} INFO - Waiting for done. Sleep 10 s
[2023-06-28T08:17:48.916+0000] {dataflow.py:388} INFO - Google Cloud DataFlow job my-dataflow-job-77b8d252 is state: JOB_STATE_RUNNING
[2023-06-28T08:17:48.918+0000] {dataflow.py:428} INFO - Waiting for done. Sleep 10 s
[2023-06-28T08:17:59.193+0000] {dataflow.py:388} INFO - Google Cloud DataFlow job my-dataflow-job-77b8d252 is state: JOB_STATE_RUNNING
[2023-06-28T08:17:59.197+0000] {dataflow.py:428} INFO - Waiting for done. Sleep 10 s
[2023-06-28T08:18:09.463+0000] {dataflow.py:388} INFO - Google Cloud DataFlow job my-dataflow-job-77b8d252 is state: JOB_STATE_RUNNING
[2023-06-28T08:18:09.466+0000] {dataflow.py:428} INFO - Waiting for done. Sleep 10 s
[2023-06-28T08:18:19.715+0000] {dataflow.py:388} INFO - Google Cloud DataFlow job my-dataflow-job-77b8d252 is state: JOB_STATE_RUNNING
[2023-06-28T08:18:19.717+0000] {dataflow.py:428} INFO - Waiting for done. Sleep 10 s
[2023-06-28T08:18:29.976+0000] {dataflow.py:388} INFO - Google Cloud DataFlow job my-dataflow-job-77b8d252 is state: JOB_STATE_RUNNING
[2023-06-28T08:18:29.983+0000] {dataflow.py:428} INFO - Waiting for done. Sleep 10 s
[2023-06-28T08:18:40.323+0000] {dataflow.py:388} INFO - Google Cloud DataFlow job my-dataflow-job-77b8d252 is state: JOB_STATE_DONE
[2023-06-28T08:18:40.381+0000] {taskinstance.py:1350} INFO - Marking task as SUCCESS. dag_id=bs_customer_invoice_dag, task_id=start_template_job, execution_date=20230628T081415, start_date=20230628T081425, end_date=20230628T081840
[2023-06-28T08:18:40.495+0000] {local_task_job_runner.py:225} INFO - Task exited with return code 0
[2023-06-28T08:18:40.531+0000] {taskinstance.py:2651} INFO - 0 downstream tasks scheduled from follow-on schedule check
