[2023-07-27T07:19:56.589+0000] {taskinstance.py:1103} INFO - Dependencies all met for dep_context=non-requeueable deps ti=<TaskInstance: bs_customer_invoice_dag.start_template_job manual__2023-07-27T07:19:48.808978+00:00 [queued]>
[2023-07-27T07:19:56.595+0000] {taskinstance.py:1103} INFO - Dependencies all met for dep_context=requeueable deps ti=<TaskInstance: bs_customer_invoice_dag.start_template_job manual__2023-07-27T07:19:48.808978+00:00 [queued]>
[2023-07-27T07:19:56.595+0000] {taskinstance.py:1308} INFO - Starting attempt 1 of 1
[2023-07-27T07:19:56.602+0000] {taskinstance.py:1327} INFO - Executing <Task(DataflowTemplatedJobStartOperator): start_template_job> on 2023-07-27 07:19:48.808978+00:00
[2023-07-27T07:19:56.610+0000] {standard_task_runner.py:57} INFO - Started process 8997 to run task
[2023-07-27T07:19:56.613+0000] {standard_task_runner.py:84} INFO - Running: ['***', 'tasks', 'run', 'bs_customer_invoice_dag', 'start_template_job', 'manual__2023-07-27T07:19:48.808978+00:00', '--job-id', '54', '--raw', '--subdir', 'DAGS_FOLDER/bs_customer_invoice_chinook_dag.py', '--cfg-path', '/tmp/tmp9lhfovwe']
[2023-07-27T07:19:56.615+0000] {standard_task_runner.py:85} INFO - Job 54: Subtask start_template_job
[2023-07-27T07:19:56.655+0000] {task_command.py:410} INFO - Running <TaskInstance: bs_customer_invoice_dag.start_template_job manual__2023-07-27T07:19:48.808978+00:00 [running]> on host 53e9620c1516
[2023-07-27T07:19:56.709+0000] {taskinstance.py:1547} INFO - Exporting env vars: AIRFLOW_CTX_DAG_EMAIL='npdangkhoa2020@gmail.com' AIRFLOW_CTX_DAG_OWNER='okza' AIRFLOW_CTX_DAG_ID='bs_customer_invoice_dag' AIRFLOW_CTX_TASK_ID='start_template_job' AIRFLOW_CTX_EXECUTION_DATE='2023-07-27T07:19:48.808978+00:00' AIRFLOW_CTX_TRY_NUMBER='1' AIRFLOW_CTX_DAG_RUN_ID='manual__2023-07-27T07:19:48.808978+00:00'
[2023-07-27T07:19:56.716+0000] {base.py:73} INFO - Using connection ID 'google_cloud_default' for task execution.
[2023-07-27T07:20:02.284+0000] {dataflow.py:425} INFO - Start waiting for done.
[2023-07-27T07:20:03.590+0000] {dataflow.py:388} INFO - Google Cloud DataFlow job my-dataflow-job-779e642e is state: JOB_STATE_PENDING
[2023-07-27T07:20:03.594+0000] {dataflow.py:428} INFO - Waiting for done. Sleep 10 s
[2023-07-27T07:20:13.898+0000] {dataflow.py:388} INFO - Google Cloud DataFlow job my-dataflow-job-779e642e is state: JOB_STATE_RUNNING
[2023-07-27T07:20:13.906+0000] {dataflow.py:428} INFO - Waiting for done. Sleep 10 s
[2023-07-27T07:20:24.997+0000] {dataflow.py:388} INFO - Google Cloud DataFlow job my-dataflow-job-779e642e is state: JOB_STATE_RUNNING
[2023-07-27T07:20:25.001+0000] {dataflow.py:428} INFO - Waiting for done. Sleep 10 s
[2023-07-27T07:20:35.284+0000] {dataflow.py:388} INFO - Google Cloud DataFlow job my-dataflow-job-779e642e is state: JOB_STATE_RUNNING
[2023-07-27T07:20:35.289+0000] {dataflow.py:428} INFO - Waiting for done. Sleep 10 s
[2023-07-27T07:20:45.678+0000] {dataflow.py:388} INFO - Google Cloud DataFlow job my-dataflow-job-779e642e is state: JOB_STATE_RUNNING
[2023-07-27T07:20:45.686+0000] {dataflow.py:428} INFO - Waiting for done. Sleep 10 s
[2023-07-27T07:20:55.945+0000] {dataflow.py:388} INFO - Google Cloud DataFlow job my-dataflow-job-779e642e is state: JOB_STATE_RUNNING
[2023-07-27T07:20:55.951+0000] {dataflow.py:428} INFO - Waiting for done. Sleep 10 s
[2023-07-27T07:21:06.241+0000] {dataflow.py:388} INFO - Google Cloud DataFlow job my-dataflow-job-779e642e is state: JOB_STATE_RUNNING
[2023-07-27T07:21:06.246+0000] {dataflow.py:428} INFO - Waiting for done. Sleep 10 s
[2023-07-27T07:21:16.605+0000] {dataflow.py:388} INFO - Google Cloud DataFlow job my-dataflow-job-779e642e is state: JOB_STATE_RUNNING
[2023-07-27T07:21:16.614+0000] {dataflow.py:428} INFO - Waiting for done. Sleep 10 s
[2023-07-27T07:21:26.923+0000] {dataflow.py:388} INFO - Google Cloud DataFlow job my-dataflow-job-779e642e is state: JOB_STATE_RUNNING
[2023-07-27T07:21:26.929+0000] {dataflow.py:428} INFO - Waiting for done. Sleep 10 s
[2023-07-27T07:21:37.206+0000] {dataflow.py:388} INFO - Google Cloud DataFlow job my-dataflow-job-779e642e is state: JOB_STATE_RUNNING
[2023-07-27T07:21:37.213+0000] {dataflow.py:428} INFO - Waiting for done. Sleep 10 s
[2023-07-27T07:21:47.515+0000] {dataflow.py:388} INFO - Google Cloud DataFlow job my-dataflow-job-779e642e is state: JOB_STATE_RUNNING
[2023-07-27T07:21:47.520+0000] {dataflow.py:428} INFO - Waiting for done. Sleep 10 s
[2023-07-27T07:21:57.879+0000] {dataflow.py:388} INFO - Google Cloud DataFlow job my-dataflow-job-779e642e is state: JOB_STATE_RUNNING
[2023-07-27T07:21:57.882+0000] {dataflow.py:428} INFO - Waiting for done. Sleep 10 s
[2023-07-27T07:22:08.233+0000] {dataflow.py:388} INFO - Google Cloud DataFlow job my-dataflow-job-779e642e is state: JOB_STATE_RUNNING
[2023-07-27T07:22:08.235+0000] {dataflow.py:428} INFO - Waiting for done. Sleep 10 s
[2023-07-27T07:22:18.507+0000] {dataflow.py:388} INFO - Google Cloud DataFlow job my-dataflow-job-779e642e is state: JOB_STATE_RUNNING
[2023-07-27T07:22:18.510+0000] {dataflow.py:428} INFO - Waiting for done. Sleep 10 s
[2023-07-27T07:22:28.781+0000] {dataflow.py:388} INFO - Google Cloud DataFlow job my-dataflow-job-779e642e is state: JOB_STATE_RUNNING
[2023-07-27T07:22:28.784+0000] {dataflow.py:428} INFO - Waiting for done. Sleep 10 s
[2023-07-27T07:22:39.086+0000] {dataflow.py:388} INFO - Google Cloud DataFlow job my-dataflow-job-779e642e is state: JOB_STATE_RUNNING
[2023-07-27T07:22:39.090+0000] {dataflow.py:428} INFO - Waiting for done. Sleep 10 s
[2023-07-27T07:22:49.374+0000] {dataflow.py:388} INFO - Google Cloud DataFlow job my-dataflow-job-779e642e is state: JOB_STATE_RUNNING
[2023-07-27T07:22:49.381+0000] {dataflow.py:428} INFO - Waiting for done. Sleep 10 s
[2023-07-27T07:22:59.674+0000] {dataflow.py:388} INFO - Google Cloud DataFlow job my-dataflow-job-779e642e is state: JOB_STATE_RUNNING
[2023-07-27T07:22:59.678+0000] {dataflow.py:428} INFO - Waiting for done. Sleep 10 s
[2023-07-27T07:23:09.973+0000] {dataflow.py:388} INFO - Google Cloud DataFlow job my-dataflow-job-779e642e is state: JOB_STATE_RUNNING
[2023-07-27T07:23:09.975+0000] {dataflow.py:428} INFO - Waiting for done. Sleep 10 s
[2023-07-27T07:23:20.242+0000] {dataflow.py:388} INFO - Google Cloud DataFlow job my-dataflow-job-779e642e is state: JOB_STATE_RUNNING
[2023-07-27T07:23:20.249+0000] {dataflow.py:428} INFO - Waiting for done. Sleep 10 s
[2023-07-27T07:23:30.532+0000] {dataflow.py:388} INFO - Google Cloud DataFlow job my-dataflow-job-779e642e is state: JOB_STATE_RUNNING
[2023-07-27T07:23:30.551+0000] {dataflow.py:428} INFO - Waiting for done. Sleep 10 s
[2023-07-27T07:23:40.837+0000] {dataflow.py:388} INFO - Google Cloud DataFlow job my-dataflow-job-779e642e is state: JOB_STATE_RUNNING
[2023-07-27T07:23:40.840+0000] {dataflow.py:428} INFO - Waiting for done. Sleep 10 s
[2023-07-27T07:23:51.150+0000] {dataflow.py:388} INFO - Google Cloud DataFlow job my-dataflow-job-779e642e is state: JOB_STATE_RUNNING
[2023-07-27T07:23:51.155+0000] {dataflow.py:428} INFO - Waiting for done. Sleep 10 s
[2023-07-27T07:24:01.463+0000] {dataflow.py:388} INFO - Google Cloud DataFlow job my-dataflow-job-779e642e is state: JOB_STATE_RUNNING
[2023-07-27T07:24:01.505+0000] {dataflow.py:428} INFO - Waiting for done. Sleep 10 s
[2023-07-27T07:24:11.814+0000] {dataflow.py:388} INFO - Google Cloud DataFlow job my-dataflow-job-779e642e is state: JOB_STATE_RUNNING
[2023-07-27T07:24:11.836+0000] {dataflow.py:428} INFO - Waiting for done. Sleep 10 s
[2023-07-27T07:24:22.167+0000] {dataflow.py:388} INFO - Google Cloud DataFlow job my-dataflow-job-779e642e is state: JOB_STATE_DONE
[2023-07-27T07:24:22.272+0000] {taskinstance.py:1350} INFO - Marking task as SUCCESS. dag_id=bs_customer_invoice_dag, task_id=start_template_job, execution_date=20230727T071948, start_date=20230727T071956, end_date=20230727T072422
[2023-07-27T07:24:22.369+0000] {local_task_job_runner.py:225} INFO - Task exited with return code 0
[2023-07-27T07:24:22.400+0000] {taskinstance.py:2651} INFO - 0 downstream tasks scheduled from follow-on schedule check
