[2023-06-27T02:10:33.740+0000] {manager.py:487} INFO - Processing files using up to 2 processes at a time 
[2023-06-27T02:10:33.741+0000] {manager.py:488} INFO - Process each file at most once every 30 seconds
[2023-06-27T02:10:33.745+0000] {manager.py:490} INFO - Checking for new files in /opt/airflow/dags every 300 seconds
[2023-06-27T02:10:33.749+0000] {manager.py:758} INFO - Searching for files in /opt/airflow/dags
[2023-06-27T02:10:33.754+0000] {manager.py:761} INFO - There are 0 files in /opt/airflow/dags
[2023-06-27T02:15:34.754+0000] {manager.py:758} INFO - Searching for files in /opt/airflow/dags
[2023-06-27T02:15:34.768+0000] {manager.py:761} INFO - There are 0 files in /opt/airflow/dags
[2023-06-27T02:18:01.929+0000] {manager.py:470} INFO - Exiting gracefully upon receiving signal 15
[2023-06-27T02:18:29.462+0000] {manager.py:487} INFO - Processing files using up to 2 processes at a time 
[2023-06-27T02:18:29.464+0000] {manager.py:488} INFO - Process each file at most once every 30 seconds
[2023-06-27T02:18:29.466+0000] {manager.py:490} INFO - Checking for new files in /opt/airflow/dags every 300 seconds
[2023-06-27T02:18:29.466+0000] {manager.py:758} INFO - Searching for files in /opt/airflow/dags
[2023-06-27T02:18:29.472+0000] {manager.py:761} INFO - There are 1 files in /opt/airflow/dags
[2023-06-27T02:18:29.733+0000] {manager.py:889} INFO - 
================================================================================
DAG File Processing Stats

File Path                           PID  Runtime      # DAGs    # Errors  Last Runtime    Last Run
--------------------------------  -----  ---------  --------  ----------  --------------  ----------
/opt/airflow/dags/01_umbrella.py     31  0.06s             0           0
================================================================================
[2023-06-27T02:19:00.045+0000] {manager.py:889} INFO - 
================================================================================
DAG File Processing Stats

File Path                           PID  Runtime      # DAGs    # Errors  Last Runtime    Last Run
--------------------------------  -----  ---------  --------  ----------  --------------  -------------------
/opt/airflow/dags/01_umbrella.py     39  0.01s             1           0  0.43s           2023-06-27T02:18:29
================================================================================
[2023-06-27T02:19:30.388+0000] {manager.py:889} INFO - 
================================================================================
DAG File Processing Stats

File Path                           PID  Runtime      # DAGs    # Errors  Last Runtime    Last Run
--------------------------------  -----  ---------  --------  ----------  --------------  -------------------
/opt/airflow/dags/01_umbrella.py     47  0.01s             1           0  0.12s           2023-06-27T02:19:00
================================================================================
[2023-06-27T02:20:00.736+0000] {manager.py:889} INFO - 
================================================================================
DAG File Processing Stats

File Path                           PID  Runtime      # DAGs    # Errors  Last Runtime    Last Run
--------------------------------  -----  ---------  --------  ----------  --------------  -------------------
/opt/airflow/dags/01_umbrella.py     55  0.01s             1           0  0.09s           2023-06-27T02:19:30
================================================================================
[2023-06-27T02:20:31.110+0000] {manager.py:889} INFO - 
================================================================================
DAG File Processing Stats

File Path                           PID  Runtime      # DAGs    # Errors  Last Runtime    Last Run
--------------------------------  -----  ---------  --------  ----------  --------------  -------------------
/opt/airflow/dags/01_umbrella.py     63  0.01s             1           0  0.12s           2023-06-27T02:20:00
================================================================================
[2023-06-27T02:21:01.434+0000] {manager.py:889} INFO - 
================================================================================
DAG File Processing Stats

File Path                           PID  Runtime      # DAGs    # Errors  Last Runtime    Last Run
--------------------------------  -----  ---------  --------  ----------  --------------  -------------------
/opt/airflow/dags/01_umbrella.py     71  0.01s             1           0  0.11s           2023-06-27T02:20:31
================================================================================
[2023-06-27T02:21:31.831+0000] {manager.py:889} INFO - 
================================================================================
DAG File Processing Stats

File Path                           PID  Runtime      # DAGs    # Errors  Last Runtime    Last Run
--------------------------------  -----  ---------  --------  ----------  --------------  -------------------
/opt/airflow/dags/01_umbrella.py     79  0.01s             1           0  0.10s           2023-06-27T02:21:01
================================================================================
[2023-06-27T02:22:02.188+0000] {manager.py:889} INFO - 
================================================================================
DAG File Processing Stats

File Path                           PID  Runtime      # DAGs    # Errors  Last Runtime    Last Run
--------------------------------  -----  ---------  --------  ----------  --------------  -------------------
/opt/airflow/dags/01_umbrella.py     87  0.01s             1           0  0.16s           2023-06-27T02:21:31
================================================================================
[2023-06-27T02:22:32.606+0000] {manager.py:889} INFO - 
================================================================================
DAG File Processing Stats

File Path                           PID  Runtime      # DAGs    # Errors  Last Runtime    Last Run
--------------------------------  -----  ---------  --------  ----------  --------------  -------------------
/opt/airflow/dags/01_umbrella.py     95  0.02s             1           0  0.16s           2023-06-27T02:22:02
================================================================================
[2023-06-27T02:23:02.965+0000] {manager.py:889} INFO - 
================================================================================
DAG File Processing Stats

File Path                           PID  Runtime      # DAGs    # Errors  Last Runtime    Last Run
--------------------------------  -----  ---------  --------  ----------  --------------  -------------------
/opt/airflow/dags/01_umbrella.py    103  0.02s             1           0  0.12s           2023-06-27T02:22:32
================================================================================
[2023-06-27T02:23:30.252+0000] {manager.py:758} INFO - Searching for files in /opt/airflow/dags
[2023-06-27T02:23:30.263+0000] {manager.py:761} INFO - There are 1 files in /opt/airflow/dags
[2023-06-27T02:23:33.305+0000] {manager.py:889} INFO - 
================================================================================
DAG File Processing Stats

File Path                           PID  Runtime      # DAGs    # Errors  Last Runtime    Last Run
--------------------------------  -----  ---------  --------  ----------  --------------  -------------------
/opt/airflow/dags/01_umbrella.py    111  0.01s             1           0  0.12s           2023-06-27T02:23:03
================================================================================
[2023-06-27T02:24:03.642+0000] {manager.py:889} INFO - 
================================================================================
DAG File Processing Stats

File Path                           PID  Runtime      # DAGs    # Errors  Last Runtime    Last Run
--------------------------------  -----  ---------  --------  ----------  --------------  -------------------
/opt/airflow/dags/01_umbrella.py    119  0.01s             1           0  0.10s           2023-06-27T02:23:33
================================================================================
[2023-06-27T02:24:34.033+0000] {manager.py:889} INFO - 
================================================================================
DAG File Processing Stats

File Path                           PID  Runtime      # DAGs    # Errors  Last Runtime    Last Run
--------------------------------  -----  ---------  --------  ----------  --------------  -------------------
/opt/airflow/dags/01_umbrella.py    127  0.02s             1           0  0.24s           2023-06-27T02:24:03
================================================================================
[2023-06-27T02:25:04.444+0000] {manager.py:889} INFO - 
================================================================================
DAG File Processing Stats

File Path                           PID  Runtime      # DAGs    # Errors  Last Runtime    Last Run
--------------------------------  -----  ---------  --------  ----------  --------------  -------------------
/opt/airflow/dags/01_umbrella.py    135  0.02s             1           0  0.14s           2023-06-27T02:24:34
================================================================================
[2023-06-27T02:25:34.783+0000] {manager.py:889} INFO - 
================================================================================
DAG File Processing Stats

File Path                           PID  Runtime      # DAGs    # Errors  Last Runtime    Last Run
--------------------------------  -----  ---------  --------  ----------  --------------  -------------------
/opt/airflow/dags/01_umbrella.py    143  0.01s             1           0  0.13s           2023-06-27T02:25:04
================================================================================
[2023-06-27T02:26:05.183+0000] {manager.py:889} INFO - 
================================================================================
DAG File Processing Stats

File Path                           PID  Runtime      # DAGs    # Errors  Last Runtime    Last Run
--------------------------------  -----  ---------  --------  ----------  --------------  -------------------
/opt/airflow/dags/01_umbrella.py    151  0.03s             1           0  0.12s           2023-06-27T02:25:34
================================================================================
[2023-06-27T02:26:35.518+0000] {manager.py:889} INFO - 
================================================================================
DAG File Processing Stats

File Path                           PID  Runtime      # DAGs    # Errors  Last Runtime    Last Run
--------------------------------  -----  ---------  --------  ----------  --------------  -------------------
/opt/airflow/dags/01_umbrella.py    159  0.01s             1           0  0.13s           2023-06-27T02:26:05
================================================================================
[2023-06-27T02:27:05.868+0000] {manager.py:889} INFO - 
================================================================================
DAG File Processing Stats

File Path                           PID  Runtime      # DAGs    # Errors  Last Runtime    Last Run
--------------------------------  -----  ---------  --------  ----------  --------------  -------------------
/opt/airflow/dags/01_umbrella.py    168  0.02s             1           0  0.10s           2023-06-27T02:26:35
================================================================================
[2023-06-27T02:27:36.214+0000] {manager.py:889} INFO - 
================================================================================
DAG File Processing Stats

File Path                           PID  Runtime      # DAGs    # Errors  Last Runtime    Last Run
--------------------------------  -----  ---------  --------  ----------  --------------  -------------------
/opt/airflow/dags/01_umbrella.py    175  0.01s             1           0  0.14s           2023-06-27T02:27:05
================================================================================
[2023-06-27T02:28:06.529+0000] {manager.py:889} INFO - 
================================================================================
DAG File Processing Stats

File Path                           PID  Runtime      # DAGs    # Errors  Last Runtime    Last Run
--------------------------------  -----  ---------  --------  ----------  --------------  -------------------
/opt/airflow/dags/01_umbrella.py    183  0.01s             1           0  0.15s           2023-06-27T02:27:36
================================================================================
[2023-06-27T02:28:30.771+0000] {manager.py:758} INFO - Searching for files in /opt/airflow/dags
[2023-06-27T02:28:30.809+0000] {manager.py:761} INFO - There are 1 files in /opt/airflow/dags
[2023-06-27T02:28:36.935+0000] {manager.py:889} INFO - 
================================================================================
DAG File Processing Stats

File Path                           PID  Runtime      # DAGs    # Errors  Last Runtime    Last Run
--------------------------------  -----  ---------  --------  ----------  --------------  -------------------
/opt/airflow/dags/01_umbrella.py    191  0.01s             1           0  0.15s           2023-06-27T02:28:06
================================================================================
[2023-06-27T02:29:07.297+0000] {manager.py:889} INFO - 
================================================================================
DAG File Processing Stats

File Path                           PID  Runtime      # DAGs    # Errors  Last Runtime    Last Run
--------------------------------  -----  ---------  --------  ----------  --------------  -------------------
/opt/airflow/dags/01_umbrella.py    199  0.01s             1           0  0.21s           2023-06-27T02:28:37
================================================================================
[2023-06-27T02:29:37.711+0000] {manager.py:889} INFO - 
================================================================================
DAG File Processing Stats

File Path                           PID  Runtime      # DAGs    # Errors  Last Runtime    Last Run
--------------------------------  -----  ---------  --------  ----------  --------------  -------------------
/opt/airflow/dags/01_umbrella.py    207  0.03s             1           0  0.13s           2023-06-27T02:29:07
================================================================================
[2023-06-27T02:30:08.056+0000] {manager.py:889} INFO - 
================================================================================
DAG File Processing Stats

File Path                           PID  Runtime      # DAGs    # Errors  Last Runtime    Last Run
--------------------------------  -----  ---------  --------  ----------  --------------  -------------------
/opt/airflow/dags/01_umbrella.py    215  0.02s             1           0  0.15s           2023-06-27T02:29:37
================================================================================
[2023-06-27T02:30:38.357+0000] {manager.py:889} INFO - 
================================================================================
DAG File Processing Stats

File Path                           PID  Runtime      # DAGs    # Errors  Last Runtime    Last Run
--------------------------------  -----  ---------  --------  ----------  --------------  -------------------
/opt/airflow/dags/01_umbrella.py    223  0.01s             1           0  0.12s           2023-06-27T02:30:08
================================================================================
[2023-06-27T02:31:08.637+0000] {manager.py:889} INFO - 
================================================================================
DAG File Processing Stats

File Path                           PID  Runtime      # DAGs    # Errors  Last Runtime    Last Run
--------------------------------  -----  ---------  --------  ----------  --------------  -------------------
/opt/airflow/dags/01_umbrella.py    232  0.01s             1           0  0.11s           2023-06-27T02:30:38
================================================================================
[2023-06-27T02:31:39.004+0000] {manager.py:889} INFO - 
================================================================================
DAG File Processing Stats

File Path                           PID  Runtime      # DAGs    # Errors  Last Runtime    Last Run
--------------------------------  -----  ---------  --------  ----------  --------------  -------------------
/opt/airflow/dags/01_umbrella.py    239  0.02s             1           0  0.13s           2023-06-27T02:31:08
================================================================================
[2023-06-27T02:32:09.328+0000] {manager.py:889} INFO - 
================================================================================
DAG File Processing Stats

File Path                           PID  Runtime      # DAGs    # Errors  Last Runtime    Last Run
--------------------------------  -----  ---------  --------  ----------  --------------  -------------------
/opt/airflow/dags/01_umbrella.py    247  0.01s             1           0  0.13s           2023-06-27T02:31:39
================================================================================
[2023-06-27T02:32:39.695+0000] {manager.py:889} INFO - 
================================================================================
DAG File Processing Stats

File Path                           PID  Runtime      # DAGs    # Errors  Last Runtime    Last Run
--------------------------------  -----  ---------  --------  ----------  --------------  -------------------
/opt/airflow/dags/01_umbrella.py    256  0.01s             1           0  0.13s           2023-06-27T02:32:09
================================================================================
[2023-06-27T02:33:10.034+0000] {manager.py:889} INFO - 
================================================================================
DAG File Processing Stats

File Path                           PID  Runtime      # DAGs    # Errors  Last Runtime    Last Run
--------------------------------  -----  ---------  --------  ----------  --------------  -------------------
/opt/airflow/dags/01_umbrella.py    264  0.02s             1           0  0.12s           2023-06-27T02:32:39
================================================================================
[2023-06-27T02:33:31.225+0000] {manager.py:758} INFO - Searching for files in /opt/airflow/dags
[2023-06-27T02:33:31.236+0000] {manager.py:761} INFO - There are 1 files in /opt/airflow/dags
[2023-06-27T02:33:40.396+0000] {manager.py:889} INFO - 
================================================================================
DAG File Processing Stats

File Path                           PID  Runtime      # DAGs    # Errors  Last Runtime    Last Run
--------------------------------  -----  ---------  --------  ----------  --------------  -------------------
/opt/airflow/dags/01_umbrella.py    272  0.03s             1           0  0.11s           2023-06-27T02:33:10
================================================================================
[2023-06-27T02:34:10.805+0000] {manager.py:889} INFO - 
================================================================================
DAG File Processing Stats

File Path                           PID  Runtime      # DAGs    # Errors  Last Runtime    Last Run
--------------------------------  -----  ---------  --------  ----------  --------------  -------------------
/opt/airflow/dags/01_umbrella.py    281  0.02s             1           0  0.14s           2023-06-27T02:33:40
================================================================================
[2023-06-27T02:34:41.118+0000] {manager.py:889} INFO - 
================================================================================
DAG File Processing Stats

File Path                           PID  Runtime      # DAGs    # Errors  Last Runtime    Last Run
--------------------------------  -----  ---------  --------  ----------  --------------  -------------------
/opt/airflow/dags/01_umbrella.py    289  0.01s             1           0  0.12s           2023-06-27T02:34:10
================================================================================
[2023-06-27T02:35:11.476+0000] {manager.py:889} INFO - 
================================================================================
DAG File Processing Stats

File Path                           PID  Runtime      # DAGs    # Errors  Last Runtime    Last Run
--------------------------------  -----  ---------  --------  ----------  --------------  -------------------
/opt/airflow/dags/01_umbrella.py    297  0.02s             1           0  0.14s           2023-06-27T02:34:41
================================================================================
[2023-06-27T02:35:41.965+0000] {manager.py:889} INFO - 
================================================================================
DAG File Processing Stats

File Path                           PID  Runtime      # DAGs    # Errors  Last Runtime    Last Run
--------------------------------  -----  ---------  --------  ----------  --------------  -------------------
/opt/airflow/dags/01_umbrella.py    306  0.02s             1           0  0.13s           2023-06-27T02:35:11
================================================================================
[2023-06-27T02:36:12.400+0000] {manager.py:889} INFO - 
================================================================================
DAG File Processing Stats

File Path                           PID  Runtime      # DAGs    # Errors  Last Runtime    Last Run
--------------------------------  -----  ---------  --------  ----------  --------------  -------------------
/opt/airflow/dags/01_umbrella.py    313  0.02s             1           0  0.12s           2023-06-27T02:35:42
================================================================================
[2023-06-27T02:36:42.767+0000] {manager.py:889} INFO - 
================================================================================
DAG File Processing Stats

File Path                           PID  Runtime      # DAGs    # Errors  Last Runtime    Last Run
--------------------------------  -----  ---------  --------  ----------  --------------  -------------------
/opt/airflow/dags/01_umbrella.py    321  0.01s             1           0  0.13s           2023-06-27T02:36:12
================================================================================
[2023-06-27T02:37:13.148+0000] {manager.py:889} INFO - 
================================================================================
DAG File Processing Stats

File Path                           PID  Runtime      # DAGs    # Errors  Last Runtime    Last Run
--------------------------------  -----  ---------  --------  ----------  --------------  -------------------
/opt/airflow/dags/01_umbrella.py    328  0.02s             1           0  0.12s           2023-06-27T02:36:42
================================================================================
[2023-06-27T02:37:43.606+0000] {manager.py:889} INFO - 
================================================================================
DAG File Processing Stats

File Path                           PID  Runtime      # DAGs    # Errors  Last Runtime    Last Run
--------------------------------  -----  ---------  --------  ----------  --------------  -------------------
/opt/airflow/dags/01_umbrella.py    336  0.02s             1           0  0.11s           2023-06-27T02:37:13
================================================================================
[2023-06-27T02:38:13.955+0000] {manager.py:889} INFO - 
================================================================================
DAG File Processing Stats

File Path                           PID  Runtime      # DAGs    # Errors  Last Runtime    Last Run
--------------------------------  -----  ---------  --------  ----------  --------------  -------------------
/opt/airflow/dags/01_umbrella.py    344  0.01s             1           0  0.11s           2023-06-27T02:37:43
================================================================================
[2023-06-27T02:38:31.231+0000] {manager.py:758} INFO - Searching for files in /opt/airflow/dags
[2023-06-27T02:38:31.246+0000] {manager.py:761} INFO - There are 1 files in /opt/airflow/dags
[2023-06-27T02:38:44.231+0000] {manager.py:889} INFO - 
================================================================================
DAG File Processing Stats

File Path                           PID  Runtime      # DAGs    # Errors  Last Runtime    Last Run
--------------------------------  -----  ---------  --------  ----------  --------------  -------------------
/opt/airflow/dags/01_umbrella.py    352  0.01s             1           0  0.12s           2023-06-27T02:38:14
================================================================================
[2023-06-27T02:39:14.745+0000] {manager.py:889} INFO - 
================================================================================
DAG File Processing Stats

File Path                           PID  Runtime      # DAGs    # Errors  Last Runtime    Last Run
--------------------------------  -----  ---------  --------  ----------  --------------  -------------------
/opt/airflow/dags/01_umbrella.py    360  0.01s             1           0  0.15s           2023-06-27T02:38:44
================================================================================
[2023-06-27T02:39:45.101+0000] {manager.py:889} INFO - 
================================================================================
DAG File Processing Stats

File Path                           PID  Runtime      # DAGs    # Errors  Last Runtime    Last Run
--------------------------------  -----  ---------  --------  ----------  --------------  -------------------
/opt/airflow/dags/01_umbrella.py    369  0.01s             1           0  0.10s           2023-06-27T02:39:14
================================================================================
[2023-06-27T02:40:15.425+0000] {manager.py:889} INFO - 
================================================================================
DAG File Processing Stats

File Path                           PID  Runtime      # DAGs    # Errors  Last Runtime    Last Run
--------------------------------  -----  ---------  --------  ----------  --------------  -------------------
/opt/airflow/dags/01_umbrella.py    377  0.01s             1           0  0.12s           2023-06-27T02:39:45
================================================================================
[2023-06-27T02:40:45.850+0000] {manager.py:889} INFO - 
================================================================================
DAG File Processing Stats

File Path                           PID  Runtime      # DAGs    # Errors  Last Runtime    Last Run
--------------------------------  -----  ---------  --------  ----------  --------------  -------------------
/opt/airflow/dags/01_umbrella.py    384  0.02s             1           0  0.11s           2023-06-27T02:40:15
================================================================================
[2023-06-27T02:41:16.274+0000] {manager.py:889} INFO - 
================================================================================
DAG File Processing Stats

File Path                           PID  Runtime      # DAGs    # Errors  Last Runtime    Last Run
--------------------------------  -----  ---------  --------  ----------  --------------  -------------------
/opt/airflow/dags/01_umbrella.py    392  0.06s             1           0  0.15s           2023-06-27T02:40:45
================================================================================
[2023-06-27T02:41:46.620+0000] {manager.py:889} INFO - 
================================================================================
DAG File Processing Stats

File Path                           PID  Runtime      # DAGs    # Errors  Last Runtime    Last Run
--------------------------------  -----  ---------  --------  ----------  --------------  -------------------
/opt/airflow/dags/01_umbrella.py    400  0.02s             1           0  0.17s           2023-06-27T02:41:16
================================================================================
[2023-06-27T02:42:16.992+0000] {manager.py:889} INFO - 
================================================================================
DAG File Processing Stats

File Path                           PID  Runtime      # DAGs    # Errors  Last Runtime    Last Run
--------------------------------  -----  ---------  --------  ----------  --------------  -------------------
/opt/airflow/dags/01_umbrella.py    408  0.02s             1           0  0.11s           2023-06-27T02:41:46
================================================================================
[2023-06-27T02:42:47.372+0000] {manager.py:889} INFO - 
================================================================================
DAG File Processing Stats

File Path                           PID  Runtime      # DAGs    # Errors  Last Runtime    Last Run
--------------------------------  -----  ---------  --------  ----------  --------------  -------------------
/opt/airflow/dags/01_umbrella.py    416  0.02s             1           0  0.12s           2023-06-27T02:42:17
================================================================================
[2023-06-27T02:43:17.741+0000] {manager.py:889} INFO - 
================================================================================
DAG File Processing Stats

File Path                           PID  Runtime      # DAGs    # Errors  Last Runtime    Last Run
--------------------------------  -----  ---------  --------  ----------  --------------  -------------------
/opt/airflow/dags/01_umbrella.py    424  0.01s             1           0  0.14s           2023-06-27T02:42:47
================================================================================
[2023-06-27T02:43:31.855+0000] {manager.py:758} INFO - Searching for files in /opt/airflow/dags
[2023-06-27T02:43:31.866+0000] {manager.py:761} INFO - There are 1 files in /opt/airflow/dags
[2023-06-27T02:43:48.074+0000] {manager.py:889} INFO - 
================================================================================
DAG File Processing Stats

File Path                           PID  Runtime      # DAGs    # Errors  Last Runtime    Last Run
--------------------------------  -----  ---------  --------  ----------  --------------  -------------------
/opt/airflow/dags/01_umbrella.py    432  0.01s             1           0  0.11s           2023-06-27T02:43:17
================================================================================
[2023-06-27T02:44:18.354+0000] {manager.py:889} INFO - 
================================================================================
DAG File Processing Stats

File Path                           PID  Runtime      # DAGs    # Errors  Last Runtime    Last Run
--------------------------------  -----  ---------  --------  ----------  --------------  -------------------
/opt/airflow/dags/01_umbrella.py    440  0.02s             1           0  0.10s           2023-06-27T02:43:48
================================================================================
[2023-06-27T02:44:48.750+0000] {manager.py:889} INFO - 
================================================================================
DAG File Processing Stats

File Path                           PID  Runtime      # DAGs    # Errors  Last Runtime    Last Run
--------------------------------  -----  ---------  --------  ----------  --------------  -------------------
/opt/airflow/dags/01_umbrella.py    448  0.02s             1           0  0.14s           2023-06-27T02:44:18
================================================================================
[2023-06-27T02:45:19.080+0000] {manager.py:889} INFO - 
================================================================================
DAG File Processing Stats

File Path                           PID  Runtime      # DAGs    # Errors  Last Runtime    Last Run
--------------------------------  -----  ---------  --------  ----------  --------------  -------------------
/opt/airflow/dags/01_umbrella.py    456  0.02s             1           0  0.12s           2023-06-27T02:44:48
================================================================================
[2023-06-27T02:45:49.538+0000] {manager.py:889} INFO - 
================================================================================
DAG File Processing Stats

File Path                           PID  Runtime      # DAGs    # Errors  Last Runtime    Last Run
--------------------------------  -----  ---------  --------  ----------  --------------  -------------------
/opt/airflow/dags/01_umbrella.py    464  0.02s             1           0  0.14s           2023-06-27T02:45:19
================================================================================
[2023-06-27T02:46:19.910+0000] {manager.py:889} INFO - 
================================================================================
DAG File Processing Stats

File Path                           PID  Runtime      # DAGs    # Errors  Last Runtime    Last Run
--------------------------------  -----  ---------  --------  ----------  --------------  -------------------
/opt/airflow/dags/01_umbrella.py    472  0.02s             1           0  0.13s           2023-06-27T02:45:49
================================================================================
[2023-06-27T02:46:50.213+0000] {manager.py:889} INFO - 
================================================================================
DAG File Processing Stats

File Path                           PID  Runtime      # DAGs    # Errors  Last Runtime    Last Run
--------------------------------  -----  ---------  --------  ----------  --------------  -------------------
/opt/airflow/dags/01_umbrella.py    481  0.01s             1           0  0.16s           2023-06-27T02:46:20
================================================================================
[2023-06-27T02:47:20.525+0000] {manager.py:889} INFO - 
================================================================================
DAG File Processing Stats

File Path                           PID  Runtime      # DAGs    # Errors  Last Runtime    Last Run
--------------------------------  -----  ---------  --------  ----------  --------------  -------------------
/opt/airflow/dags/01_umbrella.py    488  0.00s             1           0  0.09s           2023-06-27T02:46:50
================================================================================
[2023-06-27T02:47:50.929+0000] {manager.py:889} INFO - 
================================================================================
DAG File Processing Stats

File Path                           PID  Runtime      # DAGs    # Errors  Last Runtime    Last Run
--------------------------------  -----  ---------  --------  ----------  --------------  -------------------
/opt/airflow/dags/01_umbrella.py    496  0.01s             1           0  0.07s           2023-06-27T02:47:20
================================================================================
[2023-06-27T02:48:21.292+0000] {manager.py:889} INFO - 
================================================================================
DAG File Processing Stats

File Path                           PID  Runtime      # DAGs    # Errors  Last Runtime    Last Run
--------------------------------  -----  ---------  --------  ----------  --------------  -------------------
/opt/airflow/dags/01_umbrella.py    504  0.01s             1           0  0.11s           2023-06-27T02:47:51
================================================================================
[2023-06-27T02:48:32.435+0000] {manager.py:758} INFO - Searching for files in /opt/airflow/dags
[2023-06-27T02:48:32.449+0000] {manager.py:761} INFO - There are 1 files in /opt/airflow/dags
[2023-06-27T02:48:51.723+0000] {manager.py:889} INFO - 
================================================================================
DAG File Processing Stats

File Path                           PID  Runtime      # DAGs    # Errors  Last Runtime    Last Run
--------------------------------  -----  ---------  --------  ----------  --------------  -------------------
/opt/airflow/dags/01_umbrella.py    512  0.02s             1           0  0.12s           2023-06-27T02:48:21
================================================================================
[2023-06-27T02:49:22.097+0000] {manager.py:889} INFO - 
================================================================================
DAG File Processing Stats

File Path                           PID  Runtime      # DAGs    # Errors  Last Runtime    Last Run
--------------------------------  -----  ---------  --------  ----------  --------------  -------------------
/opt/airflow/dags/01_umbrella.py    520  0.02s             1           0  0.16s           2023-06-27T02:48:51
================================================================================
[2023-06-27T02:49:52.445+0000] {manager.py:889} INFO - 
================================================================================
DAG File Processing Stats

File Path                           PID  Runtime      # DAGs    # Errors  Last Runtime    Last Run
--------------------------------  -----  ---------  --------  ----------  --------------  -------------------
/opt/airflow/dags/01_umbrella.py    528  0.02s             1           0  0.12s           2023-06-27T02:49:22
================================================================================
[2023-06-27T02:50:22.754+0000] {manager.py:889} INFO - 
================================================================================
DAG File Processing Stats

File Path                           PID  Runtime      # DAGs    # Errors  Last Runtime    Last Run
--------------------------------  -----  ---------  --------  ----------  --------------  -------------------
/opt/airflow/dags/01_umbrella.py    536  0.01s             1           0  0.12s           2023-06-27T02:49:52
================================================================================
[2023-06-27T02:50:53.107+0000] {manager.py:889} INFO - 
================================================================================
DAG File Processing Stats

File Path                           PID  Runtime      # DAGs    # Errors  Last Runtime    Last Run
--------------------------------  -----  ---------  --------  ----------  --------------  -------------------
/opt/airflow/dags/01_umbrella.py    544  0.02s             1           0  0.11s           2023-06-27T02:50:22
================================================================================
[2023-06-27T02:51:23.438+0000] {manager.py:889} INFO - 
================================================================================
DAG File Processing Stats

File Path                           PID  Runtime      # DAGs    # Errors  Last Runtime    Last Run
--------------------------------  -----  ---------  --------  ----------  --------------  -------------------
/opt/airflow/dags/01_umbrella.py    552  0.01s             1           0  0.11s           2023-06-27T02:50:53
================================================================================
[2023-06-27T02:51:53.796+0000] {manager.py:889} INFO - 
================================================================================
DAG File Processing Stats

File Path                           PID  Runtime      # DAGs    # Errors  Last Runtime    Last Run
--------------------------------  -----  ---------  --------  ----------  --------------  -------------------
/opt/airflow/dags/01_umbrella.py    560  0.01s             1           0  0.11s           2023-06-27T02:51:23
================================================================================
[2023-06-27T02:52:24.140+0000] {manager.py:889} INFO - 
================================================================================
DAG File Processing Stats

File Path                           PID  Runtime      # DAGs    # Errors  Last Runtime    Last Run
--------------------------------  -----  ---------  --------  ----------  --------------  -------------------
/opt/airflow/dags/01_umbrella.py    568  0.01s             1           0  0.17s           2023-06-27T02:51:53
================================================================================
[2023-06-27T02:52:54.567+0000] {manager.py:889} INFO - 
================================================================================
DAG File Processing Stats

File Path                           PID  Runtime      # DAGs    # Errors  Last Runtime    Last Run
--------------------------------  -----  ---------  --------  ----------  --------------  -------------------
/opt/airflow/dags/01_umbrella.py    576  0.01s             1           0  0.12s           2023-06-27T02:52:24
================================================================================
[2023-06-27T02:53:24.963+0000] {manager.py:889} INFO - 
================================================================================
DAG File Processing Stats

File Path                           PID  Runtime      # DAGs    # Errors  Last Runtime    Last Run
--------------------------------  -----  ---------  --------  ----------  --------------  -------------------
/opt/airflow/dags/01_umbrella.py    584  0.02s             1           0  0.14s           2023-06-27T02:52:54
================================================================================
[2023-06-27T02:53:33.062+0000] {manager.py:758} INFO - Searching for files in /opt/airflow/dags
[2023-06-27T02:53:33.075+0000] {manager.py:761} INFO - There are 1 files in /opt/airflow/dags
[2023-06-27T02:53:55.338+0000] {manager.py:889} INFO - 
================================================================================
DAG File Processing Stats

File Path                           PID  Runtime      # DAGs    # Errors  Last Runtime    Last Run
--------------------------------  -----  ---------  --------  ----------  --------------  -------------------
/opt/airflow/dags/01_umbrella.py    592  0.02s             1           0  0.20s           2023-06-27T02:53:25
================================================================================
[2023-06-27T02:54:25.734+0000] {manager.py:889} INFO - 
================================================================================
DAG File Processing Stats

File Path                           PID  Runtime      # DAGs    # Errors  Last Runtime    Last Run
--------------------------------  -----  ---------  --------  ----------  --------------  -------------------
/opt/airflow/dags/01_umbrella.py    600  0.01s             1           0  0.13s           2023-06-27T02:53:55
================================================================================
[2023-06-27T02:54:56.099+0000] {manager.py:889} INFO - 
================================================================================
DAG File Processing Stats

File Path                           PID  Runtime      # DAGs    # Errors  Last Runtime    Last Run
--------------------------------  -----  ---------  --------  ----------  --------------  -------------------
/opt/airflow/dags/01_umbrella.py    608  0.00s             1           0  0.10s           2023-06-27T02:54:25
================================================================================
[2023-06-27T02:55:26.508+0000] {manager.py:889} INFO - 
================================================================================
DAG File Processing Stats

File Path                           PID  Runtime      # DAGs    # Errors  Last Runtime    Last Run
--------------------------------  -----  ---------  --------  ----------  --------------  -------------------
/opt/airflow/dags/01_umbrella.py    616  0.01s             1           0  0.08s           2023-06-27T02:54:56
================================================================================
[2023-06-27T02:55:56.882+0000] {manager.py:889} INFO - 
================================================================================
DAG File Processing Stats

File Path                           PID  Runtime      # DAGs    # Errors  Last Runtime    Last Run
--------------------------------  -----  ---------  --------  ----------  --------------  -------------------
/opt/airflow/dags/01_umbrella.py    624  0.01s             1           0  0.12s           2023-06-27T02:55:26
================================================================================
[2023-06-27T02:56:27.224+0000] {manager.py:889} INFO - 
================================================================================
DAG File Processing Stats

File Path                           PID  Runtime      # DAGs    # Errors  Last Runtime    Last Run
--------------------------------  -----  ---------  --------  ----------  --------------  -------------------
/opt/airflow/dags/01_umbrella.py    632  0.01s             1           0  0.11s           2023-06-27T02:55:56
================================================================================
[2023-06-27T02:56:57.543+0000] {manager.py:889} INFO - 
================================================================================
DAG File Processing Stats

File Path                           PID  Runtime      # DAGs    # Errors  Last Runtime    Last Run
--------------------------------  -----  ---------  --------  ----------  --------------  -------------------
/opt/airflow/dags/01_umbrella.py    639  0.00s             1           0  0.10s           2023-06-27T02:56:27
================================================================================
[2023-06-27T02:57:27.889+0000] {manager.py:889} INFO - 
================================================================================
DAG File Processing Stats

File Path                           PID  Runtime      # DAGs    # Errors  Last Runtime    Last Run
--------------------------------  -----  ---------  --------  ----------  --------------  -------------------
/opt/airflow/dags/01_umbrella.py    647  0.01s             1           0  0.09s           2023-06-27T02:56:57
================================================================================
[2023-06-27T02:57:58.243+0000] {manager.py:889} INFO - 
================================================================================
DAG File Processing Stats

File Path                           PID  Runtime      # DAGs    # Errors  Last Runtime    Last Run
--------------------------------  -----  ---------  --------  ----------  --------------  -------------------
/opt/airflow/dags/01_umbrella.py    655  0.02s             1           0  0.10s           2023-06-27T02:57:27
================================================================================
[2023-06-27T02:58:28.609+0000] {manager.py:889} INFO - 
================================================================================
DAG File Processing Stats

File Path                           PID  Runtime      # DAGs    # Errors  Last Runtime    Last Run
--------------------------------  -----  ---------  --------  ----------  --------------  -------------------
/opt/airflow/dags/01_umbrella.py    663  0.03s             1           0  0.12s           2023-06-27T02:57:58
================================================================================
[2023-06-27T02:58:33.662+0000] {manager.py:758} INFO - Searching for files in /opt/airflow/dags
[2023-06-27T02:58:33.678+0000] {manager.py:761} INFO - There are 1 files in /opt/airflow/dags
[2023-06-27T02:58:58.993+0000] {manager.py:889} INFO - 
================================================================================
DAG File Processing Stats

File Path                           PID  Runtime      # DAGs    # Errors  Last Runtime    Last Run
--------------------------------  -----  ---------  --------  ----------  --------------  -------------------
/opt/airflow/dags/01_umbrella.py    671  0.02s             1           0  0.16s           2023-06-27T02:58:28
================================================================================
[2023-06-27T02:59:29.374+0000] {manager.py:889} INFO - 
================================================================================
DAG File Processing Stats

File Path                           PID  Runtime      # DAGs    # Errors  Last Runtime    Last Run
--------------------------------  -----  ---------  --------  ----------  --------------  -------------------
/opt/airflow/dags/01_umbrella.py    679  0.02s             1           0  0.14s           2023-06-27T02:58:59
================================================================================
[2023-06-27T02:59:59.799+0000] {manager.py:889} INFO - 
================================================================================
DAG File Processing Stats

File Path                           PID  Runtime      # DAGs    # Errors  Last Runtime    Last Run
--------------------------------  -----  ---------  --------  ----------  --------------  -------------------
/opt/airflow/dags/01_umbrella.py    688  0.03s             1           0  0.15s           2023-06-27T02:59:29
================================================================================
[2023-06-27T03:00:30.175+0000] {manager.py:889} INFO - 
================================================================================
DAG File Processing Stats

File Path                           PID  Runtime      # DAGs    # Errors  Last Runtime    Last Run
--------------------------------  -----  ---------  --------  ----------  --------------  -------------------
/opt/airflow/dags/01_umbrella.py    696  0.03s             1           0  0.14s           2023-06-27T02:59:59
================================================================================
[2023-06-27T03:01:00.527+0000] {manager.py:889} INFO - 
================================================================================
DAG File Processing Stats

File Path                           PID  Runtime      # DAGs    # Errors  Last Runtime    Last Run
--------------------------------  -----  ---------  --------  ----------  --------------  -------------------
/opt/airflow/dags/01_umbrella.py    704  0.02s             1           0  0.13s           2023-06-27T03:00:30
================================================================================
[2023-06-27T03:01:30.834+0000] {manager.py:889} INFO - 
================================================================================
DAG File Processing Stats

File Path                           PID  Runtime      # DAGs    # Errors  Last Runtime    Last Run
--------------------------------  -----  ---------  --------  ----------  --------------  -------------------
/opt/airflow/dags/01_umbrella.py    712  0.03s             1           0  0.13s           2023-06-27T03:01:00
================================================================================
[2023-06-27T03:02:01.163+0000] {manager.py:889} INFO - 
================================================================================
DAG File Processing Stats

File Path                           PID  Runtime      # DAGs    # Errors  Last Runtime    Last Run
--------------------------------  -----  ---------  --------  ----------  --------------  -------------------
/opt/airflow/dags/01_umbrella.py    720  0.02s             1           0  0.14s           2023-06-27T03:01:30
================================================================================
[2023-06-27T03:02:31.590+0000] {manager.py:889} INFO - 
================================================================================
DAG File Processing Stats

File Path                           PID  Runtime      # DAGs    # Errors  Last Runtime    Last Run
--------------------------------  -----  ---------  --------  ----------  --------------  -------------------
/opt/airflow/dags/01_umbrella.py    729  0.03s             1           0  0.14s           2023-06-27T03:02:01
================================================================================
[2023-06-27T03:03:01.988+0000] {manager.py:889} INFO - 
================================================================================
DAG File Processing Stats

File Path                           PID  Runtime      # DAGs    # Errors  Last Runtime    Last Run
--------------------------------  -----  ---------  --------  ----------  --------------  -------------------
/opt/airflow/dags/01_umbrella.py    737  0.02s             1           0  0.13s           2023-06-27T03:02:31
================================================================================
[2023-06-27T03:03:32.373+0000] {manager.py:889} INFO - 
================================================================================
DAG File Processing Stats

File Path                           PID  Runtime      # DAGs    # Errors  Last Runtime    Last Run
--------------------------------  -----  ---------  --------  ----------  --------------  -------------------
/opt/airflow/dags/01_umbrella.py    744  0.03s             1           0  0.12s           2023-06-27T03:03:02
================================================================================
[2023-06-27T03:03:34.401+0000] {manager.py:758} INFO - Searching for files in /opt/airflow/dags
[2023-06-27T03:03:34.407+0000] {manager.py:761} INFO - There are 1 files in /opt/airflow/dags
[2023-06-27T03:04:02.771+0000] {manager.py:889} INFO - 
================================================================================
DAG File Processing Stats

File Path                           PID  Runtime      # DAGs    # Errors  Last Runtime    Last Run
--------------------------------  -----  ---------  --------  ----------  --------------  -------------------
/opt/airflow/dags/01_umbrella.py    752  0.03s             1           0  0.13s           2023-06-27T03:03:32
================================================================================
[2023-06-27T03:04:33.108+0000] {manager.py:889} INFO - 
================================================================================
DAG File Processing Stats

File Path                           PID  Runtime      # DAGs    # Errors  Last Runtime    Last Run
--------------------------------  -----  ---------  --------  ----------  --------------  -------------------
/opt/airflow/dags/01_umbrella.py    760  0.02s             1           0  0.15s           2023-06-27T03:04:02
================================================================================
[2023-06-27T03:05:03.457+0000] {manager.py:889} INFO - 
================================================================================
DAG File Processing Stats

File Path                           PID  Runtime      # DAGs    # Errors  Last Runtime    Last Run
--------------------------------  -----  ---------  --------  ----------  --------------  -------------------
/opt/airflow/dags/01_umbrella.py    775  0.00s             1           0  0.15s           2023-06-27T03:04:33
================================================================================
[2023-06-27T03:05:33.831+0000] {manager.py:889} INFO - 
================================================================================
DAG File Processing Stats

File Path                           PID  Runtime      # DAGs    # Errors  Last Runtime    Last Run
--------------------------------  -----  ---------  --------  ----------  --------------  -------------------
/opt/airflow/dags/01_umbrella.py    783  0.01s             1           0  0.07s           2023-06-27T03:05:03
================================================================================
[2023-06-27T03:06:04.238+0000] {manager.py:889} INFO - 
================================================================================
DAG File Processing Stats

File Path                           PID  Runtime      # DAGs    # Errors  Last Runtime    Last Run
--------------------------------  -----  ---------  --------  ----------  --------------  -------------------
/opt/airflow/dags/01_umbrella.py    792  0.02s             1           0  0.11s           2023-06-27T03:05:33
================================================================================
[2023-06-27T03:06:34.661+0000] {manager.py:889} INFO - 
================================================================================
DAG File Processing Stats

File Path                         PID    Runtime      # DAGs    # Errors  Last Runtime    Last Run
--------------------------------  -----  ---------  --------  ----------  --------------  -------------------
/opt/airflow/dags/01_umbrella.py                           1           0  0.13s           2023-06-27T03:06:15
================================================================================
[2023-06-27T03:07:05.011+0000] {manager.py:889} INFO - 
================================================================================
DAG File Processing Stats

File Path                         PID    Runtime      # DAGs    # Errors  Last Runtime    Last Run
--------------------------------  -----  ---------  --------  ----------  --------------  -------------------
/opt/airflow/dags/01_umbrella.py                           1           0  0.14s           2023-06-27T03:06:45
================================================================================
[2023-06-27T03:07:35.359+0000] {manager.py:889} INFO - 
================================================================================
DAG File Processing Stats

File Path                         PID    Runtime      # DAGs    # Errors  Last Runtime    Last Run
--------------------------------  -----  ---------  --------  ----------  --------------  -------------------
/opt/airflow/dags/01_umbrella.py                           1           0  0.10s           2023-06-27T03:07:16
================================================================================
[2023-06-27T03:08:05.684+0000] {manager.py:889} INFO - 
================================================================================
DAG File Processing Stats

File Path                         PID    Runtime      # DAGs    # Errors  Last Runtime    Last Run
--------------------------------  -----  ---------  --------  ----------  --------------  -------------------
/opt/airflow/dags/01_umbrella.py                           1           0  0.15s           2023-06-27T03:07:46
================================================================================
[2023-06-27T03:08:35.026+0000] {manager.py:758} INFO - Searching for files in /opt/airflow/dags
[2023-06-27T03:08:35.050+0000] {manager.py:761} INFO - There are 1 files in /opt/airflow/dags
[2023-06-27T03:08:36.080+0000] {manager.py:889} INFO - 
================================================================================
DAG File Processing Stats

File Path                         PID    Runtime      # DAGs    # Errors  Last Runtime    Last Run
--------------------------------  -----  ---------  --------  ----------  --------------  -------------------
/opt/airflow/dags/01_umbrella.py                           1           0  0.12s           2023-06-27T03:08:16
================================================================================
[2023-06-27T03:09:06.402+0000] {manager.py:889} INFO - 
================================================================================
DAG File Processing Stats

File Path                         PID    Runtime      # DAGs    # Errors  Last Runtime    Last Run
--------------------------------  -----  ---------  --------  ----------  --------------  -------------------
/opt/airflow/dags/01_umbrella.py                           1           0  0.14s           2023-06-27T03:08:47
================================================================================
[2023-06-27T03:09:36.847+0000] {manager.py:889} INFO - 
================================================================================
DAG File Processing Stats

File Path                         PID    Runtime      # DAGs    # Errors  Last Runtime    Last Run
--------------------------------  -----  ---------  --------  ----------  --------------  -------------------
/opt/airflow/dags/01_umbrella.py                           1           0  0.27s           2023-06-27T03:09:17
================================================================================
[2023-06-27T03:10:07.255+0000] {manager.py:889} INFO - 
================================================================================
DAG File Processing Stats

File Path                         PID    Runtime      # DAGs    # Errors  Last Runtime    Last Run
--------------------------------  -----  ---------  --------  ----------  --------------  -------------------
/opt/airflow/dags/01_umbrella.py                           1           0  0.14s           2023-06-27T03:09:48
================================================================================
[2023-06-27T03:10:37.646+0000] {manager.py:889} INFO - 
================================================================================
DAG File Processing Stats

File Path                         PID    Runtime      # DAGs    # Errors  Last Runtime    Last Run
--------------------------------  -----  ---------  --------  ----------  --------------  -------------------
/opt/airflow/dags/01_umbrella.py                           1           0  0.09s           2023-06-27T03:10:18
================================================================================
[2023-06-27T03:11:08.051+0000] {manager.py:889} INFO - 
================================================================================
DAG File Processing Stats

File Path                         PID    Runtime      # DAGs    # Errors  Last Runtime    Last Run
--------------------------------  -----  ---------  --------  ----------  --------------  -------------------
/opt/airflow/dags/01_umbrella.py                           1           0  0.14s           2023-06-27T03:10:48
================================================================================
[2023-06-27T03:11:38.428+0000] {manager.py:889} INFO - 
================================================================================
DAG File Processing Stats

File Path                         PID    Runtime      # DAGs    # Errors  Last Runtime    Last Run
--------------------------------  -----  ---------  --------  ----------  --------------  -------------------
/opt/airflow/dags/01_umbrella.py                           1           0  0.12s           2023-06-27T03:11:19
================================================================================
[2023-06-27T03:12:08.828+0000] {manager.py:889} INFO - 
================================================================================
DAG File Processing Stats

File Path                         PID    Runtime      # DAGs    # Errors  Last Runtime    Last Run
--------------------------------  -----  ---------  --------  ----------  --------------  -------------------
/opt/airflow/dags/01_umbrella.py                           1           0  0.12s           2023-06-27T03:11:49
================================================================================
[2023-06-27T03:12:39.230+0000] {manager.py:889} INFO - 
================================================================================
DAG File Processing Stats

File Path                         PID    Runtime      # DAGs    # Errors  Last Runtime    Last Run
--------------------------------  -----  ---------  --------  ----------  --------------  -------------------
/opt/airflow/dags/01_umbrella.py                           1           0  0.12s           2023-06-27T03:12:20
================================================================================
[2023-06-27T03:13:09.628+0000] {manager.py:889} INFO - 
================================================================================
DAG File Processing Stats

File Path                         PID    Runtime      # DAGs    # Errors  Last Runtime    Last Run
--------------------------------  -----  ---------  --------  ----------  --------------  -------------------
/opt/airflow/dags/01_umbrella.py                           1           0  0.11s           2023-06-27T03:12:50
================================================================================
[2023-06-27T03:13:35.927+0000] {manager.py:758} INFO - Searching for files in /opt/airflow/dags
[2023-06-27T03:13:35.951+0000] {manager.py:761} INFO - There are 1 files in /opt/airflow/dags
[2023-06-27T03:13:40.010+0000] {manager.py:889} INFO - 
================================================================================
DAG File Processing Stats

File Path                         PID    Runtime      # DAGs    # Errors  Last Runtime    Last Run
--------------------------------  -----  ---------  --------  ----------  --------------  -------------------
/opt/airflow/dags/01_umbrella.py                           1           0  0.13s           2023-06-27T03:13:20
================================================================================
[2023-06-27T03:14:10.400+0000] {manager.py:889} INFO - 
================================================================================
DAG File Processing Stats

File Path                         PID    Runtime      # DAGs    # Errors  Last Runtime    Last Run
--------------------------------  -----  ---------  --------  ----------  --------------  -------------------
/opt/airflow/dags/01_umbrella.py                           1           0  0.13s           2023-06-27T03:13:51
================================================================================
[2023-06-27T03:14:40.776+0000] {manager.py:889} INFO - 
================================================================================
DAG File Processing Stats

File Path                         PID    Runtime      # DAGs    # Errors  Last Runtime    Last Run
--------------------------------  -----  ---------  --------  ----------  --------------  -------------------
/opt/airflow/dags/01_umbrella.py                           1           0  0.13s           2023-06-27T03:14:21
================================================================================
[2023-06-27T03:15:11.141+0000] {manager.py:889} INFO - 
================================================================================
DAG File Processing Stats

File Path                         PID    Runtime      # DAGs    # Errors  Last Runtime    Last Run
--------------------------------  -----  ---------  --------  ----------  --------------  -------------------
/opt/airflow/dags/01_umbrella.py                           1           0  0.11s           2023-06-27T03:14:52
================================================================================
[2023-06-27T03:15:41.472+0000] {manager.py:889} INFO - 
================================================================================
DAG File Processing Stats

File Path                         PID    Runtime      # DAGs    # Errors  Last Runtime    Last Run
--------------------------------  -----  ---------  --------  ----------  --------------  -------------------
/opt/airflow/dags/01_umbrella.py                           1           0  0.10s           2023-06-27T03:15:22
================================================================================
[2023-06-27T03:15:49.138+0000] {manager.py:470} INFO - Exiting gracefully upon receiving signal 15
