[2023-07-27T07:25:38.185+0000] {taskinstance.py:1103} INFO - Dependencies all met for dep_context=non-requeueable deps ti=<TaskInstance: bs_customer_invoice_dag.start_template_job manual__2023-07-27T07:25:31.929986+00:00 [queued]>
[2023-07-27T07:25:38.196+0000] {taskinstance.py:1103} INFO - Dependencies all met for dep_context=requeueable deps ti=<TaskInstance: bs_customer_invoice_dag.start_template_job manual__2023-07-27T07:25:31.929986+00:00 [queued]>
[2023-07-27T07:25:38.198+0000] {taskinstance.py:1308} INFO - Starting attempt 1 of 1
[2023-07-27T07:25:38.212+0000] {taskinstance.py:1327} INFO - Executing <Task(DataflowTemplatedJobStartOperator): start_template_job> on 2023-07-27 07:25:31.929986+00:00
[2023-07-27T07:25:38.219+0000] {standard_task_runner.py:57} INFO - Started process 9103 to run task
[2023-07-27T07:25:38.223+0000] {standard_task_runner.py:84} INFO - Running: ['***', 'tasks', 'run', 'bs_customer_invoice_dag', 'start_template_job', 'manual__2023-07-27T07:25:31.929986+00:00', '--job-id', '57', '--raw', '--subdir', 'DAGS_FOLDER/bs_customer_invoice_chinook_dag.py', '--cfg-path', '/tmp/tmpo52v65o9']
[2023-07-27T07:25:38.226+0000] {standard_task_runner.py:85} INFO - Job 57: Subtask start_template_job
[2023-07-27T07:25:38.274+0000] {task_command.py:410} INFO - Running <TaskInstance: bs_customer_invoice_dag.start_template_job manual__2023-07-27T07:25:31.929986+00:00 [running]> on host 53e9620c1516
[2023-07-27T07:25:38.340+0000] {taskinstance.py:1547} INFO - Exporting env vars: AIRFLOW_CTX_DAG_EMAIL='npdangkhoa2020@gmail.com' AIRFLOW_CTX_DAG_OWNER='okza' AIRFLOW_CTX_DAG_ID='bs_customer_invoice_dag' AIRFLOW_CTX_TASK_ID='start_template_job' AIRFLOW_CTX_EXECUTION_DATE='2023-07-27T07:25:31.929986+00:00' AIRFLOW_CTX_TRY_NUMBER='1' AIRFLOW_CTX_DAG_RUN_ID='manual__2023-07-27T07:25:31.929986+00:00'
[2023-07-27T07:25:38.350+0000] {base.py:73} INFO - Using connection ID 'google_cloud_default' for task execution.
[2023-07-27T07:25:43.523+0000] {dataflow.py:425} INFO - Start waiting for done.
[2023-07-27T07:25:44.714+0000] {dataflow.py:388} INFO - Google Cloud DataFlow job my-dataflow-job-1f8ab33b is state: JOB_STATE_PENDING
[2023-07-27T07:25:44.716+0000] {dataflow.py:428} INFO - Waiting for done. Sleep 10 s
[2023-07-27T07:25:55.007+0000] {dataflow.py:388} INFO - Google Cloud DataFlow job my-dataflow-job-1f8ab33b is state: JOB_STATE_RUNNING
[2023-07-27T07:25:55.014+0000] {dataflow.py:428} INFO - Waiting for done. Sleep 10 s
[2023-07-27T07:26:06.122+0000] {dataflow.py:388} INFO - Google Cloud DataFlow job my-dataflow-job-1f8ab33b is state: JOB_STATE_RUNNING
[2023-07-27T07:26:06.126+0000] {dataflow.py:428} INFO - Waiting for done. Sleep 10 s
[2023-07-27T07:26:16.387+0000] {dataflow.py:388} INFO - Google Cloud DataFlow job my-dataflow-job-1f8ab33b is state: JOB_STATE_RUNNING
[2023-07-27T07:26:16.390+0000] {dataflow.py:428} INFO - Waiting for done. Sleep 10 s
[2023-07-27T07:26:26.695+0000] {dataflow.py:388} INFO - Google Cloud DataFlow job my-dataflow-job-1f8ab33b is state: JOB_STATE_RUNNING
[2023-07-27T07:26:26.703+0000] {dataflow.py:428} INFO - Waiting for done. Sleep 10 s
[2023-07-27T07:26:36.992+0000] {dataflow.py:388} INFO - Google Cloud DataFlow job my-dataflow-job-1f8ab33b is state: JOB_STATE_RUNNING
[2023-07-27T07:26:36.997+0000] {dataflow.py:428} INFO - Waiting for done. Sleep 10 s
[2023-07-27T07:26:47.273+0000] {dataflow.py:388} INFO - Google Cloud DataFlow job my-dataflow-job-1f8ab33b is state: JOB_STATE_RUNNING
[2023-07-27T07:26:47.275+0000] {dataflow.py:428} INFO - Waiting for done. Sleep 10 s
[2023-07-27T07:26:57.560+0000] {dataflow.py:388} INFO - Google Cloud DataFlow job my-dataflow-job-1f8ab33b is state: JOB_STATE_RUNNING
[2023-07-27T07:26:57.562+0000] {dataflow.py:428} INFO - Waiting for done. Sleep 10 s
[2023-07-27T07:27:07.858+0000] {dataflow.py:388} INFO - Google Cloud DataFlow job my-dataflow-job-1f8ab33b is state: JOB_STATE_RUNNING
[2023-07-27T07:27:07.862+0000] {dataflow.py:428} INFO - Waiting for done. Sleep 10 s
[2023-07-27T07:27:18.126+0000] {dataflow.py:388} INFO - Google Cloud DataFlow job my-dataflow-job-1f8ab33b is state: JOB_STATE_RUNNING
[2023-07-27T07:27:18.130+0000] {dataflow.py:428} INFO - Waiting for done. Sleep 10 s
[2023-07-27T07:27:28.446+0000] {dataflow.py:388} INFO - Google Cloud DataFlow job my-dataflow-job-1f8ab33b is state: JOB_STATE_RUNNING
[2023-07-27T07:27:28.468+0000] {dataflow.py:428} INFO - Waiting for done. Sleep 10 s
[2023-07-27T07:27:38.750+0000] {dataflow.py:388} INFO - Google Cloud DataFlow job my-dataflow-job-1f8ab33b is state: JOB_STATE_RUNNING
[2023-07-27T07:27:38.751+0000] {dataflow.py:428} INFO - Waiting for done. Sleep 10 s
[2023-07-27T07:27:49.129+0000] {dataflow.py:388} INFO - Google Cloud DataFlow job my-dataflow-job-1f8ab33b is state: JOB_STATE_RUNNING
[2023-07-27T07:27:49.138+0000] {dataflow.py:428} INFO - Waiting for done. Sleep 10 s
[2023-07-27T07:27:59.419+0000] {dataflow.py:388} INFO - Google Cloud DataFlow job my-dataflow-job-1f8ab33b is state: JOB_STATE_RUNNING
[2023-07-27T07:27:59.423+0000] {dataflow.py:428} INFO - Waiting for done. Sleep 10 s
[2023-07-27T07:28:09.701+0000] {dataflow.py:388} INFO - Google Cloud DataFlow job my-dataflow-job-1f8ab33b is state: JOB_STATE_RUNNING
[2023-07-27T07:28:09.705+0000] {dataflow.py:428} INFO - Waiting for done. Sleep 10 s
[2023-07-27T07:28:19.991+0000] {dataflow.py:388} INFO - Google Cloud DataFlow job my-dataflow-job-1f8ab33b is state: JOB_STATE_RUNNING
[2023-07-27T07:28:19.996+0000] {dataflow.py:428} INFO - Waiting for done. Sleep 10 s
[2023-07-27T07:28:30.275+0000] {dataflow.py:388} INFO - Google Cloud DataFlow job my-dataflow-job-1f8ab33b is state: JOB_STATE_RUNNING
[2023-07-27T07:28:30.281+0000] {dataflow.py:428} INFO - Waiting for done. Sleep 10 s
[2023-07-27T07:28:40.553+0000] {dataflow.py:388} INFO - Google Cloud DataFlow job my-dataflow-job-1f8ab33b is state: JOB_STATE_RUNNING
[2023-07-27T07:28:40.561+0000] {dataflow.py:428} INFO - Waiting for done. Sleep 10 s
[2023-07-27T07:28:50.826+0000] {dataflow.py:388} INFO - Google Cloud DataFlow job my-dataflow-job-1f8ab33b is state: JOB_STATE_RUNNING
[2023-07-27T07:28:50.878+0000] {dataflow.py:428} INFO - Waiting for done. Sleep 10 s
[2023-07-27T07:29:01.165+0000] {dataflow.py:388} INFO - Google Cloud DataFlow job my-dataflow-job-1f8ab33b is state: JOB_STATE_RUNNING
[2023-07-27T07:29:01.171+0000] {dataflow.py:428} INFO - Waiting for done. Sleep 10 s
[2023-07-27T07:29:11.541+0000] {dataflow.py:388} INFO - Google Cloud DataFlow job my-dataflow-job-1f8ab33b is state: JOB_STATE_RUNNING
[2023-07-27T07:29:11.548+0000] {dataflow.py:428} INFO - Waiting for done. Sleep 10 s
[2023-07-27T07:29:21.830+0000] {dataflow.py:388} INFO - Google Cloud DataFlow job my-dataflow-job-1f8ab33b is state: JOB_STATE_RUNNING
[2023-07-27T07:29:21.834+0000] {dataflow.py:428} INFO - Waiting for done. Sleep 10 s
[2023-07-27T07:29:32.120+0000] {dataflow.py:388} INFO - Google Cloud DataFlow job my-dataflow-job-1f8ab33b is state: JOB_STATE_RUNNING
[2023-07-27T07:29:32.128+0000] {dataflow.py:428} INFO - Waiting for done. Sleep 10 s
[2023-07-27T07:29:42.464+0000] {dataflow.py:388} INFO - Google Cloud DataFlow job my-dataflow-job-1f8ab33b is state: JOB_STATE_RUNNING
[2023-07-27T07:29:42.466+0000] {dataflow.py:428} INFO - Waiting for done. Sleep 10 s
[2023-07-27T07:29:52.759+0000] {dataflow.py:388} INFO - Google Cloud DataFlow job my-dataflow-job-1f8ab33b is state: JOB_STATE_DONE
[2023-07-27T07:29:52.798+0000] {taskinstance.py:1350} INFO - Marking task as SUCCESS. dag_id=bs_customer_invoice_dag, task_id=start_template_job, execution_date=20230727T072531, start_date=20230727T072538, end_date=20230727T072952
[2023-07-27T07:29:52.856+0000] {local_task_job_runner.py:225} INFO - Task exited with return code 0
[2023-07-27T07:29:52.893+0000] {taskinstance.py:2651} INFO - 0 downstream tasks scheduled from follow-on schedule check
