[2023-07-26T08:39:03.427+0000] {taskinstance.py:1103} INFO - Dependencies all met for dep_context=non-requeueable deps ti=<TaskInstance: bs_customer_invoice_dag.start_template_job manual__2023-07-26T08:38:56.595927+00:00 [queued]>
[2023-07-26T08:39:03.432+0000] {taskinstance.py:1103} INFO - Dependencies all met for dep_context=requeueable deps ti=<TaskInstance: bs_customer_invoice_dag.start_template_job manual__2023-07-26T08:38:56.595927+00:00 [queued]>
[2023-07-26T08:39:03.433+0000] {taskinstance.py:1308} INFO - Starting attempt 1 of 1
[2023-07-26T08:39:03.441+0000] {taskinstance.py:1327} INFO - Executing <Task(DataflowTemplatedJobStartOperator): start_template_job> on 2023-07-26 08:38:56.595927+00:00
[2023-07-26T08:39:03.446+0000] {standard_task_runner.py:57} INFO - Started process 721 to run task
[2023-07-26T08:39:03.449+0000] {standard_task_runner.py:84} INFO - Running: ['***', 'tasks', 'run', 'bs_customer_invoice_dag', 'start_template_job', 'manual__2023-07-26T08:38:56.595927+00:00', '--job-id', '46', '--raw', '--subdir', 'DAGS_FOLDER/bs_customer_invoice_chinook_dag.py', '--cfg-path', '/tmp/tmplcj4r72q']
[2023-07-26T08:39:03.452+0000] {standard_task_runner.py:85} INFO - Job 46: Subtask start_template_job
[2023-07-26T08:39:03.516+0000] {task_command.py:410} INFO - Running <TaskInstance: bs_customer_invoice_dag.start_template_job manual__2023-07-26T08:38:56.595927+00:00 [running]> on host 53e9620c1516
[2023-07-26T08:39:03.573+0000] {taskinstance.py:1547} INFO - Exporting env vars: AIRFLOW_CTX_DAG_EMAIL='npdangkhoa2020@gmail.com' AIRFLOW_CTX_DAG_OWNER='okza' AIRFLOW_CTX_DAG_ID='bs_customer_invoice_dag' AIRFLOW_CTX_TASK_ID='start_template_job' AIRFLOW_CTX_EXECUTION_DATE='2023-07-26T08:38:56.595927+00:00' AIRFLOW_CTX_TRY_NUMBER='1' AIRFLOW_CTX_DAG_RUN_ID='manual__2023-07-26T08:38:56.595927+00:00'
[2023-07-26T08:39:03.586+0000] {base.py:73} INFO - Using connection ID 'google_cloud_default' for task execution.
[2023-07-26T08:39:10.368+0000] {dataflow.py:425} INFO - Start waiting for done.
[2023-07-26T08:39:11.636+0000] {dataflow.py:388} INFO - Google Cloud DataFlow job my-dataflow-job-92dcaf48 is state: JOB_STATE_PENDING
[2023-07-26T08:39:11.638+0000] {dataflow.py:428} INFO - Waiting for done. Sleep 10 s
[2023-07-26T08:39:21.959+0000] {dataflow.py:388} INFO - Google Cloud DataFlow job my-dataflow-job-92dcaf48 is state: JOB_STATE_RUNNING
[2023-07-26T08:39:21.963+0000] {dataflow.py:428} INFO - Waiting for done. Sleep 10 s
[2023-07-26T08:39:33.104+0000] {dataflow.py:388} INFO - Google Cloud DataFlow job my-dataflow-job-92dcaf48 is state: JOB_STATE_RUNNING
[2023-07-26T08:39:33.109+0000] {dataflow.py:428} INFO - Waiting for done. Sleep 10 s
[2023-07-26T08:39:43.446+0000] {dataflow.py:388} INFO - Google Cloud DataFlow job my-dataflow-job-92dcaf48 is state: JOB_STATE_RUNNING
[2023-07-26T08:39:43.449+0000] {dataflow.py:428} INFO - Waiting for done. Sleep 10 s
[2023-07-26T08:39:53.742+0000] {dataflow.py:388} INFO - Google Cloud DataFlow job my-dataflow-job-92dcaf48 is state: JOB_STATE_RUNNING
[2023-07-26T08:39:53.744+0000] {dataflow.py:428} INFO - Waiting for done. Sleep 10 s
[2023-07-26T08:40:04.034+0000] {dataflow.py:388} INFO - Google Cloud DataFlow job my-dataflow-job-92dcaf48 is state: JOB_STATE_RUNNING
[2023-07-26T08:40:04.041+0000] {dataflow.py:428} INFO - Waiting for done. Sleep 10 s
[2023-07-26T08:40:14.321+0000] {dataflow.py:388} INFO - Google Cloud DataFlow job my-dataflow-job-92dcaf48 is state: JOB_STATE_RUNNING
[2023-07-26T08:40:14.326+0000] {dataflow.py:428} INFO - Waiting for done. Sleep 10 s
[2023-07-26T08:40:24.593+0000] {dataflow.py:388} INFO - Google Cloud DataFlow job my-dataflow-job-92dcaf48 is state: JOB_STATE_RUNNING
[2023-07-26T08:40:24.598+0000] {dataflow.py:428} INFO - Waiting for done. Sleep 10 s
[2023-07-26T08:40:34.955+0000] {dataflow.py:388} INFO - Google Cloud DataFlow job my-dataflow-job-92dcaf48 is state: JOB_STATE_RUNNING
[2023-07-26T08:40:34.962+0000] {dataflow.py:428} INFO - Waiting for done. Sleep 10 s
[2023-07-26T08:40:45.396+0000] {dataflow.py:388} INFO - Google Cloud DataFlow job my-dataflow-job-92dcaf48 is state: JOB_STATE_RUNNING
[2023-07-26T08:40:45.398+0000] {dataflow.py:428} INFO - Waiting for done. Sleep 10 s
[2023-07-26T08:40:55.692+0000] {dataflow.py:388} INFO - Google Cloud DataFlow job my-dataflow-job-92dcaf48 is state: JOB_STATE_RUNNING
[2023-07-26T08:40:55.695+0000] {dataflow.py:428} INFO - Waiting for done. Sleep 10 s
[2023-07-26T08:41:05.961+0000] {dataflow.py:388} INFO - Google Cloud DataFlow job my-dataflow-job-92dcaf48 is state: JOB_STATE_RUNNING
[2023-07-26T08:41:05.963+0000] {dataflow.py:428} INFO - Waiting for done. Sleep 10 s
[2023-07-26T08:41:16.245+0000] {dataflow.py:388} INFO - Google Cloud DataFlow job my-dataflow-job-92dcaf48 is state: JOB_STATE_RUNNING
[2023-07-26T08:41:16.247+0000] {dataflow.py:428} INFO - Waiting for done. Sleep 10 s
[2023-07-26T08:41:26.554+0000] {dataflow.py:388} INFO - Google Cloud DataFlow job my-dataflow-job-92dcaf48 is state: JOB_STATE_RUNNING
[2023-07-26T08:41:26.556+0000] {dataflow.py:428} INFO - Waiting for done. Sleep 10 s
[2023-07-26T08:41:36.852+0000] {dataflow.py:388} INFO - Google Cloud DataFlow job my-dataflow-job-92dcaf48 is state: JOB_STATE_RUNNING
[2023-07-26T08:41:36.856+0000] {dataflow.py:428} INFO - Waiting for done. Sleep 10 s
[2023-07-26T08:41:47.142+0000] {dataflow.py:388} INFO - Google Cloud DataFlow job my-dataflow-job-92dcaf48 is state: JOB_STATE_RUNNING
[2023-07-26T08:41:47.144+0000] {dataflow.py:428} INFO - Waiting for done. Sleep 10 s
[2023-07-26T08:41:57.417+0000] {dataflow.py:388} INFO - Google Cloud DataFlow job my-dataflow-job-92dcaf48 is state: JOB_STATE_RUNNING
[2023-07-26T08:41:57.420+0000] {dataflow.py:428} INFO - Waiting for done. Sleep 10 s
[2023-07-26T08:42:07.710+0000] {dataflow.py:388} INFO - Google Cloud DataFlow job my-dataflow-job-92dcaf48 is state: JOB_STATE_RUNNING
[2023-07-26T08:42:07.717+0000] {dataflow.py:428} INFO - Waiting for done. Sleep 10 s
[2023-07-26T08:42:18.000+0000] {dataflow.py:388} INFO - Google Cloud DataFlow job my-dataflow-job-92dcaf48 is state: JOB_STATE_RUNNING
[2023-07-26T08:42:18.002+0000] {dataflow.py:428} INFO - Waiting for done. Sleep 10 s
[2023-07-26T08:42:28.308+0000] {dataflow.py:388} INFO - Google Cloud DataFlow job my-dataflow-job-92dcaf48 is state: JOB_STATE_RUNNING
[2023-07-26T08:42:28.313+0000] {dataflow.py:428} INFO - Waiting for done. Sleep 10 s
[2023-07-26T08:42:38.574+0000] {dataflow.py:388} INFO - Google Cloud DataFlow job my-dataflow-job-92dcaf48 is state: JOB_STATE_RUNNING
[2023-07-26T08:42:38.578+0000] {dataflow.py:428} INFO - Waiting for done. Sleep 10 s
[2023-07-26T08:42:48.865+0000] {dataflow.py:388} INFO - Google Cloud DataFlow job my-dataflow-job-92dcaf48 is state: JOB_STATE_RUNNING
[2023-07-26T08:42:48.866+0000] {dataflow.py:428} INFO - Waiting for done. Sleep 10 s
[2023-07-26T08:42:59.233+0000] {dataflow.py:388} INFO - Google Cloud DataFlow job my-dataflow-job-92dcaf48 is state: JOB_STATE_RUNNING
[2023-07-26T08:42:59.236+0000] {dataflow.py:428} INFO - Waiting for done. Sleep 10 s
[2023-07-26T08:43:09.504+0000] {dataflow.py:388} INFO - Google Cloud DataFlow job my-dataflow-job-92dcaf48 is state: JOB_STATE_RUNNING
[2023-07-26T08:43:09.507+0000] {dataflow.py:428} INFO - Waiting for done. Sleep 10 s
[2023-07-26T08:43:19.785+0000] {dataflow.py:388} INFO - Google Cloud DataFlow job my-dataflow-job-92dcaf48 is state: JOB_STATE_RUNNING
[2023-07-26T08:43:19.788+0000] {dataflow.py:428} INFO - Waiting for done. Sleep 10 s
[2023-07-26T08:43:30.060+0000] {dataflow.py:388} INFO - Google Cloud DataFlow job my-dataflow-job-92dcaf48 is state: JOB_STATE_RUNNING
[2023-07-26T08:43:30.063+0000] {dataflow.py:428} INFO - Waiting for done. Sleep 10 s
[2023-07-26T08:43:40.358+0000] {dataflow.py:388} INFO - Google Cloud DataFlow job my-dataflow-job-92dcaf48 is state: JOB_STATE_RUNNING
[2023-07-26T08:43:40.365+0000] {dataflow.py:428} INFO - Waiting for done. Sleep 10 s
[2023-07-26T08:43:50.649+0000] {dataflow.py:388} INFO - Google Cloud DataFlow job my-dataflow-job-92dcaf48 is state: JOB_STATE_DONE
[2023-07-26T08:43:50.714+0000] {taskinstance.py:1350} INFO - Marking task as SUCCESS. dag_id=bs_customer_invoice_dag, task_id=start_template_job, execution_date=20230726T083856, start_date=20230726T083903, end_date=20230726T084350
[2023-07-26T08:43:50.737+0000] {local_task_job_runner.py:225} INFO - Task exited with return code 0
[2023-07-26T08:43:50.758+0000] {taskinstance.py:2651} INFO - 0 downstream tasks scheduled from follow-on schedule check
