[2023-06-29T04:00:10.177+0000] {taskinstance.py:1103} INFO - Dependencies all met for dep_context=non-requeueable deps ti=<TaskInstance: bs_customer_invoice_dag.start_template_job scheduled__2023-06-28T04:00:00+00:00 [queued]>
[2023-06-29T04:00:10.183+0000] {taskinstance.py:1103} INFO - Dependencies all met for dep_context=requeueable deps ti=<TaskInstance: bs_customer_invoice_dag.start_template_job scheduled__2023-06-28T04:00:00+00:00 [queued]>
[2023-06-29T04:00:10.184+0000] {taskinstance.py:1308} INFO - Starting attempt 1 of 1
[2023-06-29T04:00:10.191+0000] {taskinstance.py:1327} INFO - Executing <Task(DataflowTemplatedJobStartOperator): start_template_job> on 2023-06-28 04:00:00+00:00
[2023-06-29T04:00:10.197+0000] {standard_task_runner.py:57} INFO - Started process 7997 to run task
[2023-06-29T04:00:10.201+0000] {standard_task_runner.py:84} INFO - Running: ['***', 'tasks', 'run', 'bs_customer_invoice_dag', 'start_template_job', 'scheduled__2023-06-28T04:00:00+00:00', '--job-id', '25', '--raw', '--subdir', 'DAGS_FOLDER/bs_customer_invoice_chinook_dag.py', '--cfg-path', '/tmp/tmp2y416jk_']
[2023-06-29T04:00:10.204+0000] {standard_task_runner.py:85} INFO - Job 25: Subtask start_template_job
[2023-06-29T04:00:10.246+0000] {task_command.py:410} INFO - Running <TaskInstance: bs_customer_invoice_dag.start_template_job scheduled__2023-06-28T04:00:00+00:00 [running]> on host 5bcd2ea11ebc
[2023-06-29T04:00:10.310+0000] {taskinstance.py:1547} INFO - Exporting env vars: AIRFLOW_CTX_DAG_EMAIL='datokza@gmail.com' AIRFLOW_CTX_DAG_OWNER='okza' AIRFLOW_CTX_DAG_ID='bs_customer_invoice_dag' AIRFLOW_CTX_TASK_ID='start_template_job' AIRFLOW_CTX_EXECUTION_DATE='2023-06-28T04:00:00+00:00' AIRFLOW_CTX_TRY_NUMBER='1' AIRFLOW_CTX_DAG_RUN_ID='scheduled__2023-06-28T04:00:00+00:00'
[2023-06-29T04:00:10.319+0000] {base.py:73} INFO - Using connection ID 'google_cloud_default' for task execution.
[2023-06-29T04:00:19.335+0000] {dataflow.py:425} INFO - Start waiting for done.
[2023-06-29T04:00:20.681+0000] {dataflow.py:388} INFO - Google Cloud DataFlow job my-dataflow-job-f32728b8 is state: JOB_STATE_PENDING
[2023-06-29T04:00:20.683+0000] {dataflow.py:428} INFO - Waiting for done. Sleep 10 s
[2023-06-29T04:00:31.006+0000] {dataflow.py:388} INFO - Google Cloud DataFlow job my-dataflow-job-f32728b8 is state: JOB_STATE_PENDING
[2023-06-29T04:00:31.016+0000] {dataflow.py:428} INFO - Waiting for done. Sleep 10 s
[2023-06-29T04:00:42.227+0000] {dataflow.py:388} INFO - Google Cloud DataFlow job my-dataflow-job-f32728b8 is state: JOB_STATE_RUNNING
[2023-06-29T04:00:42.230+0000] {dataflow.py:428} INFO - Waiting for done. Sleep 10 s
[2023-06-29T04:00:52.570+0000] {dataflow.py:388} INFO - Google Cloud DataFlow job my-dataflow-job-f32728b8 is state: JOB_STATE_RUNNING
[2023-06-29T04:00:52.575+0000] {dataflow.py:428} INFO - Waiting for done. Sleep 10 s
[2023-06-29T04:01:02.859+0000] {dataflow.py:388} INFO - Google Cloud DataFlow job my-dataflow-job-f32728b8 is state: JOB_STATE_RUNNING
[2023-06-29T04:01:02.864+0000] {dataflow.py:428} INFO - Waiting for done. Sleep 10 s
[2023-06-29T04:01:13.201+0000] {dataflow.py:388} INFO - Google Cloud DataFlow job my-dataflow-job-f32728b8 is state: JOB_STATE_RUNNING
[2023-06-29T04:01:13.207+0000] {dataflow.py:428} INFO - Waiting for done. Sleep 10 s
[2023-06-29T04:01:23.503+0000] {dataflow.py:388} INFO - Google Cloud DataFlow job my-dataflow-job-f32728b8 is state: JOB_STATE_RUNNING
[2023-06-29T04:01:23.512+0000] {dataflow.py:428} INFO - Waiting for done. Sleep 10 s
[2023-06-29T04:01:33.833+0000] {dataflow.py:388} INFO - Google Cloud DataFlow job my-dataflow-job-f32728b8 is state: JOB_STATE_RUNNING
[2023-06-29T04:01:33.837+0000] {dataflow.py:428} INFO - Waiting for done. Sleep 10 s
[2023-06-29T04:01:44.150+0000] {dataflow.py:388} INFO - Google Cloud DataFlow job my-dataflow-job-f32728b8 is state: JOB_STATE_RUNNING
[2023-06-29T04:01:44.157+0000] {dataflow.py:428} INFO - Waiting for done. Sleep 10 s
[2023-06-29T04:01:54.434+0000] {dataflow.py:388} INFO - Google Cloud DataFlow job my-dataflow-job-f32728b8 is state: JOB_STATE_RUNNING
[2023-06-29T04:01:54.438+0000] {dataflow.py:428} INFO - Waiting for done. Sleep 10 s
[2023-06-29T04:02:04.751+0000] {dataflow.py:388} INFO - Google Cloud DataFlow job my-dataflow-job-f32728b8 is state: JOB_STATE_RUNNING
[2023-06-29T04:02:04.755+0000] {dataflow.py:428} INFO - Waiting for done. Sleep 10 s
[2023-06-29T04:02:15.041+0000] {dataflow.py:388} INFO - Google Cloud DataFlow job my-dataflow-job-f32728b8 is state: JOB_STATE_RUNNING
[2023-06-29T04:02:15.047+0000] {dataflow.py:428} INFO - Waiting for done. Sleep 10 s
[2023-06-29T04:02:25.340+0000] {dataflow.py:388} INFO - Google Cloud DataFlow job my-dataflow-job-f32728b8 is state: JOB_STATE_RUNNING
[2023-06-29T04:02:25.346+0000] {dataflow.py:428} INFO - Waiting for done. Sleep 10 s
[2023-06-29T04:02:35.692+0000] {dataflow.py:388} INFO - Google Cloud DataFlow job my-dataflow-job-f32728b8 is state: JOB_STATE_RUNNING
[2023-06-29T04:02:35.714+0000] {dataflow.py:428} INFO - Waiting for done. Sleep 10 s
[2023-06-29T04:02:46.044+0000] {dataflow.py:388} INFO - Google Cloud DataFlow job my-dataflow-job-f32728b8 is state: JOB_STATE_RUNNING
[2023-06-29T04:02:46.049+0000] {dataflow.py:428} INFO - Waiting for done. Sleep 10 s
[2023-06-29T04:02:56.412+0000] {dataflow.py:388} INFO - Google Cloud DataFlow job my-dataflow-job-f32728b8 is state: JOB_STATE_RUNNING
[2023-06-29T04:02:56.418+0000] {dataflow.py:428} INFO - Waiting for done. Sleep 10 s
[2023-06-29T04:03:06.820+0000] {dataflow.py:388} INFO - Google Cloud DataFlow job my-dataflow-job-f32728b8 is state: JOB_STATE_RUNNING
[2023-06-29T04:03:06.826+0000] {dataflow.py:428} INFO - Waiting for done. Sleep 10 s
[2023-06-29T04:03:17.141+0000] {dataflow.py:388} INFO - Google Cloud DataFlow job my-dataflow-job-f32728b8 is state: JOB_STATE_RUNNING
[2023-06-29T04:03:17.145+0000] {dataflow.py:428} INFO - Waiting for done. Sleep 10 s
[2023-06-29T04:03:27.448+0000] {dataflow.py:388} INFO - Google Cloud DataFlow job my-dataflow-job-f32728b8 is state: JOB_STATE_RUNNING
[2023-06-29T04:03:27.454+0000] {dataflow.py:428} INFO - Waiting for done. Sleep 10 s
[2023-06-29T04:03:37.794+0000] {dataflow.py:388} INFO - Google Cloud DataFlow job my-dataflow-job-f32728b8 is state: JOB_STATE_RUNNING
[2023-06-29T04:03:37.799+0000] {dataflow.py:428} INFO - Waiting for done. Sleep 10 s
[2023-06-29T04:03:48.107+0000] {dataflow.py:388} INFO - Google Cloud DataFlow job my-dataflow-job-f32728b8 is state: JOB_STATE_RUNNING
[2023-06-29T04:03:48.114+0000] {dataflow.py:428} INFO - Waiting for done. Sleep 10 s
[2023-06-29T04:03:58.418+0000] {dataflow.py:388} INFO - Google Cloud DataFlow job my-dataflow-job-f32728b8 is state: JOB_STATE_RUNNING
[2023-06-29T04:03:58.424+0000] {dataflow.py:428} INFO - Waiting for done. Sleep 10 s
[2023-06-29T04:04:08.753+0000] {dataflow.py:388} INFO - Google Cloud DataFlow job my-dataflow-job-f32728b8 is state: JOB_STATE_RUNNING
[2023-06-29T04:04:08.758+0000] {dataflow.py:428} INFO - Waiting for done. Sleep 10 s
[2023-06-29T04:04:19.108+0000] {dataflow.py:388} INFO - Google Cloud DataFlow job my-dataflow-job-f32728b8 is state: JOB_STATE_RUNNING
[2023-06-29T04:04:19.112+0000] {dataflow.py:428} INFO - Waiting for done. Sleep 10 s
[2023-06-29T04:04:29.403+0000] {dataflow.py:388} INFO - Google Cloud DataFlow job my-dataflow-job-f32728b8 is state: JOB_STATE_RUNNING
[2023-06-29T04:04:29.412+0000] {dataflow.py:428} INFO - Waiting for done. Sleep 10 s
[2023-06-29T04:04:39.746+0000] {dataflow.py:388} INFO - Google Cloud DataFlow job my-dataflow-job-f32728b8 is state: JOB_STATE_DONE
[2023-06-29T04:04:39.779+0000] {taskinstance.py:1350} INFO - Marking task as SUCCESS. dag_id=bs_customer_invoice_dag, task_id=start_template_job, execution_date=20230628T040000, start_date=20230629T040010, end_date=20230629T040439
[2023-06-29T04:04:39.872+0000] {local_task_job_runner.py:225} INFO - Task exited with return code 0
[2023-06-29T04:04:39.906+0000] {taskinstance.py:2651} INFO - 0 downstream tasks scheduled from follow-on schedule check
