[2023-06-28T08:25:13.521+0000] {taskinstance.py:1103} INFO - Dependencies all met for dep_context=non-requeueable deps ti=<TaskInstance: bs_customer_invoice_dag.start_template_job manual__2023-06-28T08:25:07.404677+00:00 [queued]>
[2023-06-28T08:25:13.528+0000] {taskinstance.py:1103} INFO - Dependencies all met for dep_context=requeueable deps ti=<TaskInstance: bs_customer_invoice_dag.start_template_job manual__2023-06-28T08:25:07.404677+00:00 [queued]>
[2023-06-28T08:25:13.528+0000] {taskinstance.py:1308} INFO - Starting attempt 1 of 1
[2023-06-28T08:25:13.536+0000] {taskinstance.py:1327} INFO - Executing <Task(DataflowTemplatedJobStartOperator): start_template_job> on 2023-06-28 08:25:07.404677+00:00
[2023-06-28T08:25:13.543+0000] {standard_task_runner.py:57} INFO - Started process 665 to run task
[2023-06-28T08:25:13.547+0000] {standard_task_runner.py:84} INFO - Running: ['***', 'tasks', 'run', 'bs_customer_invoice_dag', 'start_template_job', 'manual__2023-06-28T08:25:07.404677+00:00', '--job-id', '19', '--raw', '--subdir', 'DAGS_FOLDER/bs_customer_invoice_chinook_dag.py', '--cfg-path', '/tmp/tmpqdg77dsb']
[2023-06-28T08:25:13.550+0000] {standard_task_runner.py:85} INFO - Job 19: Subtask start_template_job
[2023-06-28T08:25:13.600+0000] {task_command.py:410} INFO - Running <TaskInstance: bs_customer_invoice_dag.start_template_job manual__2023-06-28T08:25:07.404677+00:00 [running]> on host 5bcd2ea11ebc
[2023-06-28T08:25:13.657+0000] {taskinstance.py:1547} INFO - Exporting env vars: AIRFLOW_CTX_DAG_EMAIL='datokza@gmail.com' AIRFLOW_CTX_DAG_OWNER='okza' AIRFLOW_CTX_DAG_ID='bs_customer_invoice_dag' AIRFLOW_CTX_TASK_ID='start_template_job' AIRFLOW_CTX_EXECUTION_DATE='2023-06-28T08:25:07.404677+00:00' AIRFLOW_CTX_TRY_NUMBER='1' AIRFLOW_CTX_DAG_RUN_ID='manual__2023-06-28T08:25:07.404677+00:00'
[2023-06-28T08:25:13.665+0000] {base.py:73} INFO - Using connection ID 'google_cloud_default' for task execution.
[2023-06-28T08:25:19.988+0000] {dataflow.py:425} INFO - Start waiting for done.
[2023-06-28T08:25:21.453+0000] {dataflow.py:388} INFO - Google Cloud DataFlow job my-dataflow-job-f12c507e is state: JOB_STATE_PENDING
[2023-06-28T08:25:21.455+0000] {dataflow.py:428} INFO - Waiting for done. Sleep 10 s
[2023-06-28T08:25:32.619+0000] {dataflow.py:388} INFO - Google Cloud DataFlow job my-dataflow-job-f12c507e is state: JOB_STATE_RUNNING
[2023-06-28T08:25:32.625+0000] {dataflow.py:428} INFO - Waiting for done. Sleep 10 s
[2023-06-28T08:25:43.783+0000] {dataflow.py:388} INFO - Google Cloud DataFlow job my-dataflow-job-f12c507e is state: JOB_STATE_RUNNING
[2023-06-28T08:25:43.796+0000] {dataflow.py:428} INFO - Waiting for done. Sleep 10 s
[2023-06-28T08:25:54.525+0000] {dataflow.py:388} INFO - Google Cloud DataFlow job my-dataflow-job-f12c507e is state: JOB_STATE_RUNNING
[2023-06-28T08:25:54.532+0000] {dataflow.py:428} INFO - Waiting for done. Sleep 10 s
[2023-06-28T08:26:04.870+0000] {dataflow.py:388} INFO - Google Cloud DataFlow job my-dataflow-job-f12c507e is state: JOB_STATE_RUNNING
[2023-06-28T08:26:04.873+0000] {dataflow.py:428} INFO - Waiting for done. Sleep 10 s
[2023-06-28T08:26:15.214+0000] {dataflow.py:388} INFO - Google Cloud DataFlow job my-dataflow-job-f12c507e is state: JOB_STATE_RUNNING
[2023-06-28T08:26:15.225+0000] {dataflow.py:428} INFO - Waiting for done. Sleep 10 s
[2023-06-28T08:26:25.526+0000] {dataflow.py:388} INFO - Google Cloud DataFlow job my-dataflow-job-f12c507e is state: JOB_STATE_RUNNING
[2023-06-28T08:26:25.533+0000] {dataflow.py:428} INFO - Waiting for done. Sleep 10 s
[2023-06-28T08:26:35.898+0000] {dataflow.py:388} INFO - Google Cloud DataFlow job my-dataflow-job-f12c507e is state: JOB_STATE_RUNNING
[2023-06-28T08:26:35.902+0000] {dataflow.py:428} INFO - Waiting for done. Sleep 10 s
[2023-06-28T08:26:46.207+0000] {dataflow.py:388} INFO - Google Cloud DataFlow job my-dataflow-job-f12c507e is state: JOB_STATE_RUNNING
[2023-06-28T08:26:46.214+0000] {dataflow.py:428} INFO - Waiting for done. Sleep 10 s
[2023-06-28T08:26:56.621+0000] {dataflow.py:388} INFO - Google Cloud DataFlow job my-dataflow-job-f12c507e is state: JOB_STATE_RUNNING
[2023-06-28T08:26:56.623+0000] {dataflow.py:428} INFO - Waiting for done. Sleep 10 s
[2023-06-28T08:27:06.929+0000] {dataflow.py:388} INFO - Google Cloud DataFlow job my-dataflow-job-f12c507e is state: JOB_STATE_RUNNING
[2023-06-28T08:27:06.936+0000] {dataflow.py:428} INFO - Waiting for done. Sleep 10 s
[2023-06-28T08:27:17.213+0000] {dataflow.py:388} INFO - Google Cloud DataFlow job my-dataflow-job-f12c507e is state: JOB_STATE_RUNNING
[2023-06-28T08:27:17.218+0000] {dataflow.py:428} INFO - Waiting for done. Sleep 10 s
[2023-06-28T08:27:27.556+0000] {dataflow.py:388} INFO - Google Cloud DataFlow job my-dataflow-job-f12c507e is state: JOB_STATE_RUNNING
[2023-06-28T08:27:27.559+0000] {dataflow.py:428} INFO - Waiting for done. Sleep 10 s
[2023-06-28T08:27:37.858+0000] {dataflow.py:388} INFO - Google Cloud DataFlow job my-dataflow-job-f12c507e is state: JOB_STATE_RUNNING
[2023-06-28T08:27:37.862+0000] {dataflow.py:428} INFO - Waiting for done. Sleep 10 s
[2023-06-28T08:27:48.156+0000] {dataflow.py:388} INFO - Google Cloud DataFlow job my-dataflow-job-f12c507e is state: JOB_STATE_RUNNING
[2023-06-28T08:27:48.162+0000] {dataflow.py:428} INFO - Waiting for done. Sleep 10 s
[2023-06-28T08:27:58.480+0000] {dataflow.py:388} INFO - Google Cloud DataFlow job my-dataflow-job-f12c507e is state: JOB_STATE_RUNNING
[2023-06-28T08:27:58.482+0000] {dataflow.py:428} INFO - Waiting for done. Sleep 10 s
[2023-06-28T08:28:08.768+0000] {dataflow.py:388} INFO - Google Cloud DataFlow job my-dataflow-job-f12c507e is state: JOB_STATE_RUNNING
[2023-06-28T08:28:08.773+0000] {dataflow.py:428} INFO - Waiting for done. Sleep 10 s
[2023-06-28T08:28:19.072+0000] {dataflow.py:388} INFO - Google Cloud DataFlow job my-dataflow-job-f12c507e is state: JOB_STATE_RUNNING
[2023-06-28T08:28:19.073+0000] {dataflow.py:428} INFO - Waiting for done. Sleep 10 s
[2023-06-28T08:28:29.417+0000] {dataflow.py:388} INFO - Google Cloud DataFlow job my-dataflow-job-f12c507e is state: JOB_STATE_RUNNING
[2023-06-28T08:28:29.421+0000] {dataflow.py:428} INFO - Waiting for done. Sleep 10 s
[2023-06-28T08:28:39.699+0000] {dataflow.py:388} INFO - Google Cloud DataFlow job my-dataflow-job-f12c507e is state: JOB_STATE_RUNNING
[2023-06-28T08:28:39.705+0000] {dataflow.py:428} INFO - Waiting for done. Sleep 10 s
[2023-06-28T08:28:49.997+0000] {dataflow.py:388} INFO - Google Cloud DataFlow job my-dataflow-job-f12c507e is state: JOB_STATE_RUNNING
[2023-06-28T08:28:50.005+0000] {dataflow.py:428} INFO - Waiting for done. Sleep 10 s
[2023-06-28T08:29:00.348+0000] {dataflow.py:388} INFO - Google Cloud DataFlow job my-dataflow-job-f12c507e is state: JOB_STATE_RUNNING
[2023-06-28T08:29:00.353+0000] {dataflow.py:428} INFO - Waiting for done. Sleep 10 s
[2023-06-28T08:29:11.479+0000] {dataflow.py:388} INFO - Google Cloud DataFlow job my-dataflow-job-f12c507e is state: JOB_STATE_RUNNING
[2023-06-28T08:29:11.488+0000] {dataflow.py:428} INFO - Waiting for done. Sleep 10 s
[2023-06-28T08:29:21.851+0000] {dataflow.py:388} INFO - Google Cloud DataFlow job my-dataflow-job-f12c507e is state: JOB_STATE_DONE
[2023-06-28T08:29:21.911+0000] {taskinstance.py:1350} INFO - Marking task as SUCCESS. dag_id=bs_customer_invoice_dag, task_id=start_template_job, execution_date=20230628T082507, start_date=20230628T082513, end_date=20230628T082921
[2023-06-28T08:29:21.969+0000] {local_task_job_runner.py:225} INFO - Task exited with return code 0
[2023-06-28T08:29:22.004+0000] {taskinstance.py:2651} INFO - 0 downstream tasks scheduled from follow-on schedule check
