[2023-06-28T08:14:24.247+0000] {taskinstance.py:1103} INFO - Dependencies all met for dep_context=non-requeueable deps ti=<TaskInstance: bs_customer_invoice_dag.start_template_job scheduled__2023-06-27T04:00:00+00:00 [queued]>
[2023-06-28T08:14:24.252+0000] {taskinstance.py:1103} INFO - Dependencies all met for dep_context=requeueable deps ti=<TaskInstance: bs_customer_invoice_dag.start_template_job scheduled__2023-06-27T04:00:00+00:00 [queued]>
[2023-06-28T08:14:24.253+0000] {taskinstance.py:1308} INFO - Starting attempt 1 of 1
[2023-06-28T08:14:24.260+0000] {taskinstance.py:1327} INFO - Executing <Task(DataflowTemplatedJobStartOperator): start_template_job> on 2023-06-27 04:00:00+00:00
[2023-06-28T08:14:24.264+0000] {standard_task_runner.py:57} INFO - Started process 464 to run task
[2023-06-28T08:14:24.268+0000] {standard_task_runner.py:84} INFO - Running: ['***', 'tasks', 'run', 'bs_customer_invoice_dag', 'start_template_job', 'scheduled__2023-06-27T04:00:00+00:00', '--job-id', '15', '--raw', '--subdir', 'DAGS_FOLDER/bs_customer_invoice_chinook_dag.py', '--cfg-path', '/tmp/tmppiv0cq9p']
[2023-06-28T08:14:24.270+0000] {standard_task_runner.py:85} INFO - Job 15: Subtask start_template_job
[2023-06-28T08:14:24.312+0000] {task_command.py:410} INFO - Running <TaskInstance: bs_customer_invoice_dag.start_template_job scheduled__2023-06-27T04:00:00+00:00 [running]> on host 5bcd2ea11ebc
[2023-06-28T08:14:24.372+0000] {taskinstance.py:1547} INFO - Exporting env vars: AIRFLOW_CTX_DAG_EMAIL='datokza@gmail.com' AIRFLOW_CTX_DAG_OWNER='okza' AIRFLOW_CTX_DAG_ID='bs_customer_invoice_dag' AIRFLOW_CTX_TASK_ID='start_template_job' AIRFLOW_CTX_EXECUTION_DATE='2023-06-27T04:00:00+00:00' AIRFLOW_CTX_TRY_NUMBER='1' AIRFLOW_CTX_DAG_RUN_ID='scheduled__2023-06-27T04:00:00+00:00'
[2023-06-28T08:14:24.381+0000] {base.py:73} INFO - Using connection ID 'google_cloud_default' for task execution.
[2023-06-28T08:14:30.067+0000] {dataflow.py:425} INFO - Start waiting for done.
[2023-06-28T08:14:31.315+0000] {dataflow.py:388} INFO - Google Cloud DataFlow job my-dataflow-job-89c2d61d is state: JOB_STATE_PENDING
[2023-06-28T08:14:31.316+0000] {dataflow.py:428} INFO - Waiting for done. Sleep 10 s
[2023-06-28T08:14:41.611+0000] {dataflow.py:388} INFO - Google Cloud DataFlow job my-dataflow-job-89c2d61d is state: JOB_STATE_RUNNING
[2023-06-28T08:14:41.614+0000] {dataflow.py:428} INFO - Waiting for done. Sleep 10 s
[2023-06-28T08:14:52.719+0000] {dataflow.py:388} INFO - Google Cloud DataFlow job my-dataflow-job-89c2d61d is state: JOB_STATE_RUNNING
[2023-06-28T08:14:52.721+0000] {dataflow.py:428} INFO - Waiting for done. Sleep 10 s
[2023-06-28T08:15:03.011+0000] {dataflow.py:388} INFO - Google Cloud DataFlow job my-dataflow-job-89c2d61d is state: JOB_STATE_RUNNING
[2023-06-28T08:15:03.014+0000] {dataflow.py:428} INFO - Waiting for done. Sleep 10 s
[2023-06-28T08:15:13.309+0000] {dataflow.py:388} INFO - Google Cloud DataFlow job my-dataflow-job-89c2d61d is state: JOB_STATE_RUNNING
[2023-06-28T08:15:13.318+0000] {dataflow.py:428} INFO - Waiting for done. Sleep 10 s
[2023-06-28T08:15:23.601+0000] {dataflow.py:388} INFO - Google Cloud DataFlow job my-dataflow-job-89c2d61d is state: JOB_STATE_RUNNING
[2023-06-28T08:15:23.609+0000] {dataflow.py:428} INFO - Waiting for done. Sleep 10 s
[2023-06-28T08:15:33.942+0000] {dataflow.py:388} INFO - Google Cloud DataFlow job my-dataflow-job-89c2d61d is state: JOB_STATE_RUNNING
[2023-06-28T08:15:33.945+0000] {dataflow.py:428} INFO - Waiting for done. Sleep 10 s
[2023-06-28T08:15:44.245+0000] {dataflow.py:388} INFO - Google Cloud DataFlow job my-dataflow-job-89c2d61d is state: JOB_STATE_RUNNING
[2023-06-28T08:15:44.261+0000] {dataflow.py:428} INFO - Waiting for done. Sleep 10 s
[2023-06-28T08:15:54.564+0000] {dataflow.py:388} INFO - Google Cloud DataFlow job my-dataflow-job-89c2d61d is state: JOB_STATE_RUNNING
[2023-06-28T08:15:54.569+0000] {dataflow.py:428} INFO - Waiting for done. Sleep 10 s
[2023-06-28T08:16:04.873+0000] {dataflow.py:388} INFO - Google Cloud DataFlow job my-dataflow-job-89c2d61d is state: JOB_STATE_RUNNING
[2023-06-28T08:16:04.876+0000] {dataflow.py:428} INFO - Waiting for done. Sleep 10 s
[2023-06-28T08:16:15.213+0000] {dataflow.py:388} INFO - Google Cloud DataFlow job my-dataflow-job-89c2d61d is state: JOB_STATE_RUNNING
[2023-06-28T08:16:15.216+0000] {dataflow.py:428} INFO - Waiting for done. Sleep 10 s
[2023-06-28T08:16:25.602+0000] {dataflow.py:388} INFO - Google Cloud DataFlow job my-dataflow-job-89c2d61d is state: JOB_STATE_RUNNING
[2023-06-28T08:16:25.609+0000] {dataflow.py:428} INFO - Waiting for done. Sleep 10 s
[2023-06-28T08:16:35.886+0000] {dataflow.py:388} INFO - Google Cloud DataFlow job my-dataflow-job-89c2d61d is state: JOB_STATE_RUNNING
[2023-06-28T08:16:35.891+0000] {dataflow.py:428} INFO - Waiting for done. Sleep 10 s
[2023-06-28T08:16:46.201+0000] {dataflow.py:388} INFO - Google Cloud DataFlow job my-dataflow-job-89c2d61d is state: JOB_STATE_RUNNING
[2023-06-28T08:16:46.203+0000] {dataflow.py:428} INFO - Waiting for done. Sleep 10 s
[2023-06-28T08:16:56.541+0000] {dataflow.py:388} INFO - Google Cloud DataFlow job my-dataflow-job-89c2d61d is state: JOB_STATE_RUNNING
[2023-06-28T08:16:56.543+0000] {dataflow.py:428} INFO - Waiting for done. Sleep 10 s
[2023-06-28T08:17:06.822+0000] {dataflow.py:388} INFO - Google Cloud DataFlow job my-dataflow-job-89c2d61d is state: JOB_STATE_RUNNING
[2023-06-28T08:17:06.824+0000] {dataflow.py:428} INFO - Waiting for done. Sleep 10 s
[2023-06-28T08:17:17.133+0000] {dataflow.py:388} INFO - Google Cloud DataFlow job my-dataflow-job-89c2d61d is state: JOB_STATE_RUNNING
[2023-06-28T08:17:17.135+0000] {dataflow.py:428} INFO - Waiting for done. Sleep 10 s
[2023-06-28T08:17:27.449+0000] {dataflow.py:388} INFO - Google Cloud DataFlow job my-dataflow-job-89c2d61d is state: JOB_STATE_RUNNING
[2023-06-28T08:17:27.452+0000] {dataflow.py:428} INFO - Waiting for done. Sleep 10 s
[2023-06-28T08:17:37.730+0000] {dataflow.py:388} INFO - Google Cloud DataFlow job my-dataflow-job-89c2d61d is state: JOB_STATE_RUNNING
[2023-06-28T08:17:37.732+0000] {dataflow.py:428} INFO - Waiting for done. Sleep 10 s
[2023-06-28T08:17:47.994+0000] {dataflow.py:388} INFO - Google Cloud DataFlow job my-dataflow-job-89c2d61d is state: JOB_STATE_RUNNING
[2023-06-28T08:17:47.995+0000] {dataflow.py:428} INFO - Waiting for done. Sleep 10 s
[2023-06-28T08:17:58.277+0000] {dataflow.py:388} INFO - Google Cloud DataFlow job my-dataflow-job-89c2d61d is state: JOB_STATE_RUNNING
[2023-06-28T08:17:58.285+0000] {dataflow.py:428} INFO - Waiting for done. Sleep 10 s
[2023-06-28T08:18:08.611+0000] {dataflow.py:388} INFO - Google Cloud DataFlow job my-dataflow-job-89c2d61d is state: JOB_STATE_RUNNING
[2023-06-28T08:18:08.612+0000] {dataflow.py:428} INFO - Waiting for done. Sleep 10 s
[2023-06-28T08:18:19.148+0000] {dataflow.py:388} INFO - Google Cloud DataFlow job my-dataflow-job-89c2d61d is state: JOB_STATE_RUNNING
[2023-06-28T08:18:19.150+0000] {dataflow.py:428} INFO - Waiting for done. Sleep 10 s
[2023-06-28T08:18:29.425+0000] {dataflow.py:388} INFO - Google Cloud DataFlow job my-dataflow-job-89c2d61d is state: JOB_STATE_RUNNING
[2023-06-28T08:18:29.432+0000] {dataflow.py:428} INFO - Waiting for done. Sleep 10 s
[2023-06-28T08:18:39.860+0000] {dataflow.py:388} INFO - Google Cloud DataFlow job my-dataflow-job-89c2d61d is state: JOB_STATE_RUNNING
[2023-06-28T08:18:39.886+0000] {dataflow.py:428} INFO - Waiting for done. Sleep 10 s
[2023-06-28T08:18:50.163+0000] {dataflow.py:388} INFO - Google Cloud DataFlow job my-dataflow-job-89c2d61d is state: JOB_STATE_RUNNING
[2023-06-28T08:18:50.170+0000] {dataflow.py:428} INFO - Waiting for done. Sleep 10 s
[2023-06-28T08:19:00.527+0000] {dataflow.py:388} INFO - Google Cloud DataFlow job my-dataflow-job-89c2d61d is state: JOB_STATE_RUNNING
[2023-06-28T08:19:00.534+0000] {dataflow.py:428} INFO - Waiting for done. Sleep 10 s
[2023-06-28T08:19:10.842+0000] {dataflow.py:388} INFO - Google Cloud DataFlow job my-dataflow-job-89c2d61d is state: JOB_STATE_DONE
[2023-06-28T08:19:10.900+0000] {taskinstance.py:1350} INFO - Marking task as SUCCESS. dag_id=bs_customer_invoice_dag, task_id=start_template_job, execution_date=20230627T040000, start_date=20230628T081424, end_date=20230628T081910
[2023-06-28T08:19:10.983+0000] {local_task_job_runner.py:225} INFO - Task exited with return code 0
[2023-06-28T08:19:11.014+0000] {taskinstance.py:2651} INFO - 0 downstream tasks scheduled from follow-on schedule check
