[2023-06-27T03:16:56.514+0000] {manager.py:487} INFO - Processing files using up to 2 processes at a time 
[2023-06-27T03:16:56.515+0000] {manager.py:488} INFO - Process each file at most once every 30 seconds
[2023-06-27T03:16:56.516+0000] {manager.py:490} INFO - Checking for new files in /opt/airflow/dags every 300 seconds
[2023-06-27T03:16:56.517+0000] {manager.py:758} INFO - Searching for files in /opt/airflow/dags
[2023-06-27T03:16:56.563+0000] {manager.py:761} INFO - There are 2 files in /opt/airflow/dags
[2023-06-27T03:16:57.120+0000] {manager.py:889} INFO - 
================================================================================
DAG File Processing Stats

File Path                               PID  Runtime      # DAGs    # Errors  Last Runtime    Last Run
------------------------------------  -----  ---------  --------  ----------  --------------  ----------
/opt/airflow/dags/bs_disaster_dag.py     31  0.03s             0           0
/opt/airflow/dags/hello.py               32  0.03s             0           0
================================================================================
[2023-06-27T03:17:27.282+0000] {manager.py:889} INFO - 
================================================================================
DAG File Processing Stats

File Path                             PID    Runtime      # DAGs    # Errors  Last Runtime    Last Run
------------------------------------  -----  ---------  --------  ----------  --------------  -------------------
/opt/airflow/dags/bs_disaster_dag.py                           0           1  0.95s           2023-06-27T03:16:58
/opt/airflow/dags/hello.py                                     1           0  0.28s           2023-06-27T03:16:57
================================================================================
[2023-06-27T03:17:57.334+0000] {manager.py:889} INFO - 
================================================================================
DAG File Processing Stats

File Path                             PID    Runtime      # DAGs    # Errors  Last Runtime    Last Run
------------------------------------  -----  ---------  --------  ----------  --------------  -------------------
/opt/airflow/dags/bs_disaster_dag.py                           0           1  0.42s           2023-06-27T03:17:29
/opt/airflow/dags/hello.py                                     1           0  0.11s           2023-06-27T03:17:27
================================================================================
[2023-06-27T03:18:27.398+0000] {manager.py:889} INFO - 
================================================================================
DAG File Processing Stats

File Path                             PID    Runtime      # DAGs    # Errors  Last Runtime    Last Run
------------------------------------  -----  ---------  --------  ----------  --------------  -------------------
/opt/airflow/dags/bs_disaster_dag.py                           0           1  0.39s           2023-06-27T03:17:59
/opt/airflow/dags/hello.py                                     1           0  0.10s           2023-06-27T03:17:58
================================================================================
[2023-06-27T03:18:57.809+0000] {manager.py:889} INFO - 
================================================================================
DAG File Processing Stats

File Path                             PID    Runtime      # DAGs    # Errors  Last Runtime    Last Run
------------------------------------  -----  ---------  --------  ----------  --------------  -------------------
/opt/airflow/dags/bs_disaster_dag.py                           0           1  0.52s           2023-06-27T03:18:30
/opt/airflow/dags/hello.py                                     1           0  0.11s           2023-06-27T03:18:28
================================================================================
[2023-06-27T03:19:27.956+0000] {manager.py:889} INFO - 
================================================================================
DAG File Processing Stats

File Path                             PID    Runtime      # DAGs    # Errors  Last Runtime    Last Run
------------------------------------  -----  ---------  --------  ----------  --------------  -------------------
/opt/airflow/dags/bs_disaster_dag.py                           0           1  0.83s           2023-06-27T03:19:01
/opt/airflow/dags/hello.py                                     1           0  0.14s           2023-06-27T03:18:58
================================================================================
[2023-06-27T03:19:57.980+0000] {manager.py:889} INFO - 
================================================================================
DAG File Processing Stats

File Path                             PID    Runtime      # DAGs    # Errors  Last Runtime    Last Run
------------------------------------  -----  ---------  --------  ----------  --------------  -------------------
/opt/airflow/dags/bs_disaster_dag.py                           0           1  0.41s           2023-06-27T03:19:32
/opt/airflow/dags/hello.py                                     1           0  0.13s           2023-06-27T03:19:29
================================================================================
[2023-06-27T03:20:28.196+0000] {manager.py:889} INFO - 
================================================================================
DAG File Processing Stats

File Path                             PID    Runtime      # DAGs    # Errors  Last Runtime    Last Run
------------------------------------  -----  ---------  --------  ----------  --------------  -------------------
/opt/airflow/dags/bs_disaster_dag.py                           0           1  0.38s           2023-06-27T03:20:03
/opt/airflow/dags/hello.py                                     1           0  0.12s           2023-06-27T03:19:59
================================================================================
[2023-06-27T03:20:58.612+0000] {manager.py:889} INFO - 
================================================================================
DAG File Processing Stats

File Path                             PID    Runtime      # DAGs    # Errors  Last Runtime    Last Run
------------------------------------  -----  ---------  --------  ----------  --------------  -------------------
/opt/airflow/dags/bs_disaster_dag.py                           0           1  0.51s           2023-06-27T03:20:33
/opt/airflow/dags/hello.py                                     1           0  0.09s           2023-06-27T03:20:30
================================================================================
[2023-06-27T03:21:29.038+0000] {manager.py:889} INFO - 
================================================================================
DAG File Processing Stats

File Path                             PID    Runtime      # DAGs    # Errors  Last Runtime    Last Run
------------------------------------  -----  ---------  --------  ----------  --------------  -------------------
/opt/airflow/dags/bs_disaster_dag.py                           0           1  0.38s           2023-06-27T03:21:04
/opt/airflow/dags/hello.py                                     1           0  0.10s           2023-06-27T03:21:00
================================================================================
[2023-06-27T03:21:56.810+0000] {manager.py:758} INFO - Searching for files in /opt/airflow/dags
[2023-06-27T03:21:56.836+0000] {manager.py:761} INFO - There are 2 files in /opt/airflow/dags
[2023-06-27T03:21:59.445+0000] {manager.py:889} INFO - 
================================================================================
DAG File Processing Stats

File Path                             PID    Runtime      # DAGs    # Errors  Last Runtime    Last Run
------------------------------------  -----  ---------  --------  ----------  --------------  -------------------
/opt/airflow/dags/bs_disaster_dag.py                           0           1  0.37s           2023-06-27T03:21:34
/opt/airflow/dags/hello.py                                     1           0  0.11s           2023-06-27T03:21:31
================================================================================
[2023-06-27T03:22:29.874+0000] {manager.py:889} INFO - 
================================================================================
DAG File Processing Stats

File Path                             PID    Runtime      # DAGs    # Errors  Last Runtime    Last Run
------------------------------------  -----  ---------  --------  ----------  --------------  -------------------
/opt/airflow/dags/bs_disaster_dag.py                           1           0  0.48s           2023-06-27T03:22:05
/opt/airflow/dags/hello.py                                     1           0  0.14s           2023-06-27T03:22:01
================================================================================
[2023-06-27T03:23:00.286+0000] {manager.py:889} INFO - 
================================================================================
DAG File Processing Stats

File Path                             PID    Runtime      # DAGs    # Errors  Last Runtime    Last Run
------------------------------------  -----  ---------  --------  ----------  --------------  -------------------
/opt/airflow/dags/bs_disaster_dag.py                           1           0  0.41s           2023-06-27T03:22:36
/opt/airflow/dags/hello.py                                     1           0  0.10s           2023-06-27T03:22:31
================================================================================
[2023-06-27T03:23:30.361+0000] {manager.py:889} INFO - 
================================================================================
DAG File Processing Stats

File Path                             PID    Runtime      # DAGs    # Errors  Last Runtime    Last Run
------------------------------------  -----  ---------  --------  ----------  --------------  -------------------
/opt/airflow/dags/bs_disaster_dag.py                           1           0  0.52s           2023-06-27T03:23:07
/opt/airflow/dags/hello.py                                     1           0  0.23s           2023-06-27T03:23:02
================================================================================
[2023-06-27T03:24:00.654+0000] {manager.py:889} INFO - 
================================================================================
DAG File Processing Stats

File Path                             PID    Runtime      # DAGs    # Errors  Last Runtime    Last Run
------------------------------------  -----  ---------  --------  ----------  --------------  -------------------
/opt/airflow/dags/bs_disaster_dag.py                           1           0  0.51s           2023-06-27T03:23:38
/opt/airflow/dags/hello.py                                     1           0  0.16s           2023-06-27T03:23:33
================================================================================
[2023-06-27T03:24:30.731+0000] {manager.py:889} INFO - 
================================================================================
DAG File Processing Stats

File Path                             PID    Runtime      # DAGs    # Errors  Last Runtime    Last Run
------------------------------------  -----  ---------  --------  ----------  --------------  -------------------
/opt/airflow/dags/bs_disaster_dag.py                           1           0  0.72s           2023-06-27T03:24:09
/opt/airflow/dags/hello.py                                     1           0  0.15s           2023-06-27T03:24:03
================================================================================
[2023-06-27T03:25:01.185+0000] {manager.py:889} INFO - 
================================================================================
DAG File Processing Stats

File Path                             PID    Runtime      # DAGs    # Errors  Last Runtime    Last Run
------------------------------------  -----  ---------  --------  ----------  --------------  -------------------
/opt/airflow/dags/bs_disaster_dag.py                           1           0  0.49s           2023-06-27T03:24:40
/opt/airflow/dags/hello.py                                     1           0  0.15s           2023-06-27T03:24:33
================================================================================
[2023-06-27T03:25:31.699+0000] {manager.py:889} INFO - 
================================================================================
DAG File Processing Stats

File Path                             PID    Runtime      # DAGs    # Errors  Last Runtime    Last Run
------------------------------------  -----  ---------  --------  ----------  --------------  -------------------
/opt/airflow/dags/bs_disaster_dag.py                           1           0  0.42s           2023-06-27T03:25:10
/opt/airflow/dags/hello.py                                     1           0  0.15s           2023-06-27T03:25:04
================================================================================
[2023-06-27T03:26:02.210+0000] {manager.py:889} INFO - 
================================================================================
DAG File Processing Stats

File Path                             PID    Runtime      # DAGs    # Errors  Last Runtime    Last Run
------------------------------------  -----  ---------  --------  ----------  --------------  -------------------
/opt/airflow/dags/bs_disaster_dag.py                           1           0  0.42s           2023-06-27T03:25:41
/opt/airflow/dags/hello.py                                     1           0  0.15s           2023-06-27T03:25:34
================================================================================
[2023-06-27T03:26:32.681+0000] {manager.py:889} INFO - 
================================================================================
DAG File Processing Stats

File Path                             PID    Runtime      # DAGs    # Errors  Last Runtime    Last Run
------------------------------------  -----  ---------  --------  ----------  --------------  -------------------
/opt/airflow/dags/bs_disaster_dag.py                           1           0  0.49s           2023-06-27T03:26:11
/opt/airflow/dags/hello.py                                     1           0  0.14s           2023-06-27T03:26:05
================================================================================
[2023-06-27T03:26:57.094+0000] {manager.py:758} INFO - Searching for files in /opt/airflow/dags
[2023-06-27T03:26:57.119+0000] {manager.py:761} INFO - There are 2 files in /opt/airflow/dags
[2023-06-27T03:27:03.205+0000] {manager.py:889} INFO - 
================================================================================
DAG File Processing Stats

File Path                             PID    Runtime      # DAGs    # Errors  Last Runtime    Last Run
------------------------------------  -----  ---------  --------  ----------  --------------  -------------------
/opt/airflow/dags/bs_disaster_dag.py                           1           0  0.45s           2023-06-27T03:26:43
/opt/airflow/dags/hello.py                                     1           0  0.13s           2023-06-27T03:26:35
================================================================================
[2023-06-27T03:27:33.632+0000] {manager.py:889} INFO - 
================================================================================
DAG File Processing Stats

File Path                             PID    Runtime      # DAGs    # Errors  Last Runtime    Last Run
------------------------------------  -----  ---------  --------  ----------  --------------  -------------------
/opt/airflow/dags/bs_disaster_dag.py                           1           0  0.44s           2023-06-27T03:27:13
/opt/airflow/dags/hello.py                                     1           0  0.12s           2023-06-27T03:27:06
================================================================================
[2023-06-27T03:28:04.063+0000] {manager.py:889} INFO - 
================================================================================
DAG File Processing Stats

File Path                             PID    Runtime      # DAGs    # Errors  Last Runtime    Last Run
------------------------------------  -----  ---------  --------  ----------  --------------  -------------------
/opt/airflow/dags/bs_disaster_dag.py                           1           0  0.49s           2023-06-27T03:27:44
/opt/airflow/dags/hello.py                                     1           0  0.10s           2023-06-27T03:27:36
================================================================================
[2023-06-27T03:28:34.526+0000] {manager.py:889} INFO - 
================================================================================
DAG File Processing Stats

File Path                             PID    Runtime      # DAGs    # Errors  Last Runtime    Last Run
------------------------------------  -----  ---------  --------  ----------  --------------  -------------------
/opt/airflow/dags/bs_disaster_dag.py                           1           0  0.44s           2023-06-27T03:28:15
/opt/airflow/dags/hello.py                                     1           0  0.15s           2023-06-27T03:28:07
================================================================================
[2023-06-27T03:29:04.975+0000] {manager.py:889} INFO - 
================================================================================
DAG File Processing Stats

File Path                             PID    Runtime      # DAGs    # Errors  Last Runtime    Last Run
------------------------------------  -----  ---------  --------  ----------  --------------  -------------------
/opt/airflow/dags/bs_disaster_dag.py                           1           0  0.52s           2023-06-27T03:28:46
/opt/airflow/dags/hello.py                                     1           0  0.14s           2023-06-27T03:28:37
================================================================================
[2023-06-27T03:29:35.429+0000] {manager.py:889} INFO - 
================================================================================
DAG File Processing Stats

File Path                             PID    Runtime      # DAGs    # Errors  Last Runtime    Last Run
------------------------------------  -----  ---------  --------  ----------  --------------  -------------------
/opt/airflow/dags/bs_disaster_dag.py                           1           0  0.51s           2023-06-27T03:29:17
/opt/airflow/dags/hello.py                                     1           0  0.14s           2023-06-27T03:29:08
================================================================================
[2023-06-27T03:30:05.898+0000] {manager.py:889} INFO - 
================================================================================
DAG File Processing Stats

File Path                             PID    Runtime      # DAGs    # Errors  Last Runtime    Last Run
------------------------------------  -----  ---------  --------  ----------  --------------  -------------------
/opt/airflow/dags/bs_disaster_dag.py                           1           0  0.44s           2023-06-27T03:29:48
/opt/airflow/dags/hello.py                                     1           0  0.13s           2023-06-27T03:29:38
================================================================================
[2023-06-27T03:30:36.362+0000] {manager.py:889} INFO - 
================================================================================
DAG File Processing Stats

File Path                             PID    Runtime      # DAGs    # Errors  Last Runtime    Last Run
------------------------------------  -----  ---------  --------  ----------  --------------  -------------------
/opt/airflow/dags/bs_disaster_dag.py                           1           0  0.44s           2023-06-27T03:30:18
/opt/airflow/dags/hello.py                                     1           0  0.13s           2023-06-27T03:30:09
================================================================================
[2023-06-27T03:31:06.824+0000] {manager.py:889} INFO - 
================================================================================
DAG File Processing Stats

File Path                             PID    Runtime      # DAGs    # Errors  Last Runtime    Last Run
------------------------------------  -----  ---------  --------  ----------  --------------  -------------------
/opt/airflow/dags/bs_disaster_dag.py                           1           0  0.39s           2023-06-27T03:30:49
/opt/airflow/dags/hello.py                                     1           0  0.12s           2023-06-27T03:30:39
================================================================================
[2023-06-27T03:31:37.261+0000] {manager.py:889} INFO - 
================================================================================
DAG File Processing Stats

File Path                             PID    Runtime      # DAGs    # Errors  Last Runtime    Last Run
------------------------------------  -----  ---------  --------  ----------  --------------  -------------------
/opt/airflow/dags/bs_disaster_dag.py                           1           0  0.50s           2023-06-27T03:31:19
/opt/airflow/dags/hello.py                                     1           0  0.15s           2023-06-27T03:31:10
================================================================================
[2023-06-27T03:31:57.615+0000] {manager.py:758} INFO - Searching for files in /opt/airflow/dags
[2023-06-27T03:31:57.626+0000] {manager.py:761} INFO - There are 2 files in /opt/airflow/dags
[2023-06-27T03:32:07.747+0000] {manager.py:889} INFO - 
================================================================================
DAG File Processing Stats

File Path                             PID    Runtime      # DAGs    # Errors  Last Runtime    Last Run
------------------------------------  -----  ---------  --------  ----------  --------------  -------------------
/opt/airflow/dags/bs_disaster_dag.py                           1           0  0.39s           2023-06-27T03:31:50
/opt/airflow/dags/hello.py                                     1           0  0.14s           2023-06-27T03:31:40
================================================================================
[2023-06-27T03:32:38.168+0000] {manager.py:889} INFO - 
================================================================================
DAG File Processing Stats

File Path                             PID    Runtime      # DAGs    # Errors  Last Runtime    Last Run
------------------------------------  -----  ---------  --------  ----------  --------------  -------------------
/opt/airflow/dags/bs_disaster_dag.py                           1           0  0.40s           2023-06-27T03:32:21
/opt/airflow/dags/hello.py                                     1           0  0.14s           2023-06-27T03:32:10
================================================================================
[2023-06-27T03:33:08.606+0000] {manager.py:889} INFO - 
================================================================================
DAG File Processing Stats

File Path                             PID    Runtime      # DAGs    # Errors  Last Runtime    Last Run
------------------------------------  -----  ---------  --------  ----------  --------------  -------------------
/opt/airflow/dags/bs_disaster_dag.py                           1           0  0.46s           2023-06-27T03:32:51
/opt/airflow/dags/hello.py                                     1           0  0.13s           2023-06-27T03:32:41
================================================================================
[2023-06-27T03:34:59.917+0000] {manager.py:889} INFO - 
================================================================================
DAG File Processing Stats

File Path                               PID  Runtime      # DAGs    # Errors  Last Runtime    Last Run
------------------------------------  -----  ---------  --------  ----------  --------------  -------------------
/opt/airflow/dags/bs_disaster_dag.py    460  0.13s             1           0  0.41s           2023-06-27T03:33:23
/opt/airflow/dags/hello.py              461  0.01s             1           0  0.13s           2023-06-27T03:33:11
================================================================================
[2023-06-27T03:35:30.487+0000] {manager.py:889} INFO - 
================================================================================
DAG File Processing Stats

File Path                             PID    Runtime      # DAGs    # Errors  Last Runtime    Last Run
------------------------------------  -----  ---------  --------  ----------  --------------  -------------------
/opt/airflow/dags/bs_disaster_dag.py                           1           0  1.57s           2023-06-27T03:35:01
/opt/airflow/dags/hello.py                                     1           0  0.73s           2023-06-27T03:35:00
================================================================================
[2023-06-27T03:36:00.987+0000] {manager.py:889} INFO - 
================================================================================
DAG File Processing Stats

File Path                             PID    Runtime      # DAGs    # Errors  Last Runtime    Last Run
------------------------------------  -----  ---------  --------  ----------  --------------  -------------------
/opt/airflow/dags/bs_disaster_dag.py                           1           0  0.46s           2023-06-27T03:35:31
/opt/airflow/dags/hello.py                                     1           0  0.13s           2023-06-27T03:35:31
================================================================================
[2023-06-27T03:36:31.432+0000] {manager.py:889} INFO - 
================================================================================
DAG File Processing Stats

File Path                             PID    Runtime      # DAGs    # Errors  Last Runtime    Last Run
------------------------------------  -----  ---------  --------  ----------  --------------  -------------------
/opt/airflow/dags/bs_disaster_dag.py                           1           0  0.46s           2023-06-27T03:36:02
/opt/airflow/dags/hello.py                                     1           0  0.11s           2023-06-27T03:36:02
================================================================================
[2023-06-27T03:36:57.820+0000] {manager.py:758} INFO - Searching for files in /opt/airflow/dags
[2023-06-27T03:36:57.851+0000] {manager.py:761} INFO - There are 2 files in /opt/airflow/dags
[2023-06-27T03:37:01.892+0000] {manager.py:889} INFO - 
================================================================================
DAG File Processing Stats

File Path                             PID    Runtime      # DAGs    # Errors  Last Runtime    Last Run
------------------------------------  -----  ---------  --------  ----------  --------------  -------------------
/opt/airflow/dags/bs_disaster_dag.py                           1           0  0.35s           2023-06-27T03:36:32
/opt/airflow/dags/hello.py                                     1           0  0.12s           2023-06-27T03:36:32
================================================================================
[2023-06-27T03:37:32.356+0000] {manager.py:889} INFO - 
================================================================================
DAG File Processing Stats

File Path                             PID    Runtime      # DAGs    # Errors  Last Runtime    Last Run
------------------------------------  -----  ---------  --------  ----------  --------------  -------------------
/opt/airflow/dags/bs_disaster_dag.py                           1           0  0.40s           2023-06-27T03:37:03
/opt/airflow/dags/hello.py                                     1           0  0.15s           2023-06-27T03:37:03
================================================================================
[2023-06-27T03:38:02.840+0000] {manager.py:889} INFO - 
================================================================================
DAG File Processing Stats

File Path                             PID    Runtime      # DAGs    # Errors  Last Runtime    Last Run
------------------------------------  -----  ---------  --------  ----------  --------------  -------------------
/opt/airflow/dags/bs_disaster_dag.py                           1           0  0.44s           2023-06-27T03:37:33
/opt/airflow/dags/hello.py                                     1           0  0.15s           2023-06-27T03:37:33
================================================================================
[2023-06-27T03:38:33.246+0000] {manager.py:889} INFO - 
================================================================================
DAG File Processing Stats

File Path                             PID    Runtime      # DAGs    # Errors  Last Runtime    Last Run
------------------------------------  -----  ---------  --------  ----------  --------------  -------------------
/opt/airflow/dags/bs_disaster_dag.py                           1           0  0.43s           2023-06-27T03:38:05
/opt/airflow/dags/hello.py                                     1           0  0.11s           2023-06-27T03:38:03
================================================================================
[2023-06-27T03:39:03.705+0000] {manager.py:889} INFO - 
================================================================================
DAG File Processing Stats

File Path                             PID    Runtime      # DAGs    # Errors  Last Runtime    Last Run
------------------------------------  -----  ---------  --------  ----------  --------------  -------------------
/opt/airflow/dags/bs_disaster_dag.py                           1           0  0.42s           2023-06-27T03:38:35
/opt/airflow/dags/hello.py                                     1           0  0.11s           2023-06-27T03:38:34
================================================================================
[2023-06-27T03:39:34.157+0000] {manager.py:889} INFO - 
================================================================================
DAG File Processing Stats

File Path                             PID    Runtime      # DAGs    # Errors  Last Runtime    Last Run
------------------------------------  -----  ---------  --------  ----------  --------------  -------------------
/opt/airflow/dags/bs_disaster_dag.py                           1           0  0.44s           2023-06-27T03:39:06
/opt/airflow/dags/hello.py                                     1           0  0.13s           2023-06-27T03:39:04
================================================================================
[2023-06-27T03:40:04.629+0000] {manager.py:889} INFO - 
================================================================================
DAG File Processing Stats

File Path                             PID    Runtime      # DAGs    # Errors  Last Runtime    Last Run
------------------------------------  -----  ---------  --------  ----------  --------------  -------------------
/opt/airflow/dags/bs_disaster_dag.py                           1           0  0.50s           2023-06-27T03:39:36
/opt/airflow/dags/hello.py                                     1           0  0.17s           2023-06-27T03:39:35
================================================================================
[2023-06-27T03:40:35.086+0000] {manager.py:889} INFO - 
================================================================================
DAG File Processing Stats

File Path                             PID    Runtime      # DAGs    # Errors  Last Runtime    Last Run
------------------------------------  -----  ---------  --------  ----------  --------------  -------------------
/opt/airflow/dags/bs_disaster_dag.py                           1           0  0.46s           2023-06-27T03:40:08
/opt/airflow/dags/hello.py                                     1           0  0.16s           2023-06-27T03:40:05
================================================================================
[2023-06-27T03:41:05.607+0000] {manager.py:889} INFO - 
================================================================================
DAG File Processing Stats

File Path                             PID    Runtime      # DAGs    # Errors  Last Runtime    Last Run
------------------------------------  -----  ---------  --------  ----------  --------------  -------------------
/opt/airflow/dags/bs_disaster_dag.py                           1           0  0.58s           2023-06-27T03:40:38
/opt/airflow/dags/hello.py                                     1           0  0.12s           2023-06-27T03:40:36
================================================================================
[2023-06-27T03:41:35.664+0000] {manager.py:889} INFO - 
================================================================================
DAG File Processing Stats

File Path                             PID    Runtime      # DAGs    # Errors  Last Runtime    Last Run
------------------------------------  -----  ---------  --------  ----------  --------------  -------------------
/opt/airflow/dags/bs_disaster_dag.py                           1           0  0.58s           2023-06-27T03:41:09
/opt/airflow/dags/hello.py                                     1           0  0.15s           2023-06-27T03:41:06
================================================================================
[2023-06-27T03:41:57.871+0000] {manager.py:758} INFO - Searching for files in /opt/airflow/dags
[2023-06-27T03:41:57.892+0000] {manager.py:761} INFO - There are 2 files in /opt/airflow/dags
[2023-06-27T03:42:06.010+0000] {manager.py:889} INFO - 
================================================================================
DAG File Processing Stats

File Path                             PID    Runtime      # DAGs    # Errors  Last Runtime    Last Run
------------------------------------  -----  ---------  --------  ----------  --------------  -------------------
/opt/airflow/dags/bs_disaster_dag.py                           1           0  0.55s           2023-06-27T03:41:40
/opt/airflow/dags/hello.py                                     1           0  0.10s           2023-06-27T03:41:37
================================================================================
[2023-06-27T03:42:36.184+0000] {manager.py:889} INFO - 
================================================================================
DAG File Processing Stats

File Path                             PID    Runtime      # DAGs    # Errors  Last Runtime    Last Run
------------------------------------  -----  ---------  --------  ----------  --------------  -------------------
/opt/airflow/dags/bs_disaster_dag.py                           1           0  0.48s           2023-06-27T03:42:11
/opt/airflow/dags/hello.py                                     1           0  0.10s           2023-06-27T03:42:07
================================================================================
[2023-06-27T03:43:06.268+0000] {manager.py:889} INFO - 
================================================================================
DAG File Processing Stats

File Path                             PID    Runtime      # DAGs    # Errors  Last Runtime    Last Run
------------------------------------  -----  ---------  --------  ----------  --------------  -------------------
/opt/airflow/dags/bs_disaster_dag.py                           1           0  0.65s           2023-06-27T03:42:42
/opt/airflow/dags/hello.py                                     1           0  0.19s           2023-06-27T03:42:38
================================================================================
[2023-06-27T03:43:36.855+0000] {manager.py:889} INFO - 
================================================================================
DAG File Processing Stats

File Path                             PID    Runtime      # DAGs    # Errors  Last Runtime    Last Run
------------------------------------  -----  ---------  --------  ----------  --------------  -------------------
/opt/airflow/dags/bs_disaster_dag.py                           1           0  0.56s           2023-06-27T03:43:13
/opt/airflow/dags/hello.py                                     1           0  0.19s           2023-06-27T03:43:08
================================================================================
[2023-06-27T03:44:07.257+0000] {manager.py:889} INFO - 
================================================================================
DAG File Processing Stats

File Path                             PID    Runtime      # DAGs    # Errors  Last Runtime    Last Run
------------------------------------  -----  ---------  --------  ----------  --------------  -------------------
/opt/airflow/dags/bs_disaster_dag.py                           1           0  0.44s           2023-06-27T03:43:44
/opt/airflow/dags/hello.py                                     1           0  0.13s           2023-06-27T03:43:39
================================================================================
[2023-06-27T03:44:37.696+0000] {manager.py:889} INFO - 
================================================================================
DAG File Processing Stats

File Path                             PID    Runtime      # DAGs    # Errors  Last Runtime    Last Run
------------------------------------  -----  ---------  --------  ----------  --------------  -------------------
/opt/airflow/dags/bs_disaster_dag.py                           1           0  0.49s           2023-06-27T03:44:15
/opt/airflow/dags/hello.py                                     1           0  0.13s           2023-06-27T03:44:09
================================================================================
[2023-06-27T03:45:08.175+0000] {manager.py:889} INFO - 
================================================================================
DAG File Processing Stats

File Path                             PID    Runtime      # DAGs    # Errors  Last Runtime    Last Run
------------------------------------  -----  ---------  --------  ----------  --------------  -------------------
/opt/airflow/dags/bs_disaster_dag.py                           1           0  0.49s           2023-06-27T03:44:46
/opt/airflow/dags/hello.py                                     1           0  0.12s           2023-06-27T03:44:39
================================================================================
[2023-06-27T03:45:38.607+0000] {manager.py:889} INFO - 
================================================================================
DAG File Processing Stats

File Path                             PID    Runtime      # DAGs    # Errors  Last Runtime    Last Run
------------------------------------  -----  ---------  --------  ----------  --------------  -------------------
/opt/airflow/dags/bs_disaster_dag.py                           1           0  0.62s           2023-06-27T03:45:17
/opt/airflow/dags/hello.py                                     1           0  0.13s           2023-06-27T03:45:10
================================================================================
[2023-06-27T03:46:09.021+0000] {manager.py:889} INFO - 
================================================================================
DAG File Processing Stats

File Path                             PID    Runtime      # DAGs    # Errors  Last Runtime    Last Run
------------------------------------  -----  ---------  --------  ----------  --------------  -------------------
/opt/airflow/dags/bs_disaster_dag.py                           1           0  0.52s           2023-06-27T03:45:49
/opt/airflow/dags/hello.py                                     1           0  0.11s           2023-06-27T03:45:40
================================================================================
[2023-06-27T03:46:39.371+0000] {manager.py:889} INFO - 
================================================================================
DAG File Processing Stats

File Path                             PID    Runtime      # DAGs    # Errors  Last Runtime    Last Run
------------------------------------  -----  ---------  --------  ----------  --------------  -------------------
/opt/airflow/dags/bs_disaster_dag.py                           1           0  0.49s           2023-06-27T03:46:20
/opt/airflow/dags/hello.py                                     1           0  0.10s           2023-06-27T03:46:11
================================================================================
[2023-06-27T03:46:57.978+0000] {manager.py:758} INFO - Searching for files in /opt/airflow/dags
[2023-06-27T03:46:58.000+0000] {manager.py:761} INFO - There are 2 files in /opt/airflow/dags
[2023-06-27T03:47:09.803+0000] {manager.py:889} INFO - 
================================================================================
DAG File Processing Stats

File Path                             PID    Runtime      # DAGs    # Errors  Last Runtime    Last Run
------------------------------------  -----  ---------  --------  ----------  --------------  -------------------
/opt/airflow/dags/bs_disaster_dag.py                           1           0  0.42s           2023-06-27T03:46:51
/opt/airflow/dags/hello.py                                     1           0  0.12s           2023-06-27T03:46:41
================================================================================
[2023-06-27T03:47:40.293+0000] {manager.py:889} INFO - 
================================================================================
DAG File Processing Stats

File Path                             PID    Runtime      # DAGs    # Errors  Last Runtime    Last Run
------------------------------------  -----  ---------  --------  ----------  --------------  -------------------
/opt/airflow/dags/bs_disaster_dag.py                           1           0  0.51s           2023-06-27T03:47:22
/opt/airflow/dags/hello.py                                     1           0  0.19s           2023-06-27T03:47:12
================================================================================
[2023-06-27T03:48:10.303+0000] {manager.py:889} INFO - 
================================================================================
DAG File Processing Stats

File Path                             PID    Runtime      # DAGs    # Errors  Last Runtime    Last Run
------------------------------------  -----  ---------  --------  ----------  --------------  -------------------
/opt/airflow/dags/bs_disaster_dag.py                           1           0  0.56s           2023-06-27T03:47:53
/opt/airflow/dags/hello.py                                     1           0  0.12s           2023-06-27T03:47:42
================================================================================
[2023-06-27T03:48:40.629+0000] {manager.py:889} INFO - 
================================================================================
DAG File Processing Stats

File Path                             PID    Runtime      # DAGs    # Errors  Last Runtime    Last Run
------------------------------------  -----  ---------  --------  ----------  --------------  -------------------
/opt/airflow/dags/bs_disaster_dag.py                           1           0  0.53s           2023-06-27T03:48:24
/opt/airflow/dags/hello.py                                     1           0  0.14s           2023-06-27T03:48:12
================================================================================
[2023-06-27T03:49:10.764+0000] {manager.py:889} INFO - 
================================================================================
DAG File Processing Stats

File Path                             PID    Runtime      # DAGs    # Errors  Last Runtime    Last Run
------------------------------------  -----  ---------  --------  ----------  --------------  -------------------
/opt/airflow/dags/bs_disaster_dag.py                           1           0  0.59s           2023-06-27T03:48:55
/opt/airflow/dags/hello.py                                     1           0  0.12s           2023-06-27T03:48:43
================================================================================
[2023-06-27T03:49:41.148+0000] {manager.py:889} INFO - 
================================================================================
DAG File Processing Stats

File Path                             PID    Runtime      # DAGs    # Errors  Last Runtime    Last Run
------------------------------------  -----  ---------  --------  ----------  --------------  -------------------
/opt/airflow/dags/bs_disaster_dag.py                           1           0  0.59s           2023-06-27T03:49:26
/opt/airflow/dags/hello.py                                     1           0  0.11s           2023-06-27T03:49:13
================================================================================
[2023-06-27T03:50:11.615+0000] {manager.py:889} INFO - 
================================================================================
DAG File Processing Stats

File Path                             PID    Runtime      # DAGs    # Errors  Last Runtime    Last Run
------------------------------------  -----  ---------  --------  ----------  --------------  -------------------
/opt/airflow/dags/bs_disaster_dag.py                           1           0  0.55s           2023-06-27T03:49:57
/opt/airflow/dags/hello.py                                     1           0  0.13s           2023-06-27T03:49:44
================================================================================
[2023-06-27T03:50:41.712+0000] {manager.py:889} INFO - 
================================================================================
DAG File Processing Stats

File Path                             PID    Runtime      # DAGs    # Errors  Last Runtime    Last Run
------------------------------------  -----  ---------  --------  ----------  --------------  -------------------
/opt/airflow/dags/bs_disaster_dag.py                           1           0  0.68s           2023-06-27T03:50:28
/opt/airflow/dags/hello.py                                     1           0  0.14s           2023-06-27T03:50:14
================================================================================
[2023-06-27T03:51:12.114+0000] {manager.py:889} INFO - 
================================================================================
DAG File Processing Stats

File Path                             PID    Runtime      # DAGs    # Errors  Last Runtime    Last Run
------------------------------------  -----  ---------  --------  ----------  --------------  -------------------
/opt/airflow/dags/bs_disaster_dag.py                           1           0  0.61s           2023-06-27T03:50:59
/opt/airflow/dags/hello.py                                     1           0  0.17s           2023-06-27T03:50:45
================================================================================
[2023-06-27T03:51:42.353+0000] {manager.py:889} INFO - 
================================================================================
DAG File Processing Stats

File Path                             PID    Runtime      # DAGs    # Errors  Last Runtime    Last Run
------------------------------------  -----  ---------  --------  ----------  --------------  -------------------
/opt/airflow/dags/bs_disaster_dag.py                           1           0  0.48s           2023-06-27T03:51:31
/opt/airflow/dags/hello.py                                     1           0  0.11s           2023-06-27T03:51:15
================================================================================
[2023-06-27T03:51:58.089+0000] {manager.py:758} INFO - Searching for files in /opt/airflow/dags
[2023-06-27T03:51:58.101+0000] {manager.py:761} INFO - There are 2 files in /opt/airflow/dags
[2023-06-27T03:52:12.658+0000] {manager.py:889} INFO - 
================================================================================
DAG File Processing Stats

File Path                             PID    Runtime      # DAGs    # Errors  Last Runtime    Last Run
------------------------------------  -----  ---------  --------  ----------  --------------  -------------------
/opt/airflow/dags/bs_disaster_dag.py                           1           0  0.41s           2023-06-27T03:52:02
/opt/airflow/dags/hello.py                                     1           0  0.12s           2023-06-27T03:51:46
================================================================================
[2023-06-27T03:52:42.748+0000] {manager.py:889} INFO - 
================================================================================
DAG File Processing Stats

File Path                             PID    Runtime      # DAGs    # Errors  Last Runtime    Last Run
------------------------------------  -----  ---------  --------  ----------  --------------  -------------------
/opt/airflow/dags/bs_disaster_dag.py                           1           0  0.44s           2023-06-27T03:52:33
/opt/airflow/dags/hello.py                                     1           0  0.12s           2023-06-27T03:52:16
================================================================================
[2023-06-27T03:53:13.172+0000] {manager.py:889} INFO - 
================================================================================
DAG File Processing Stats

File Path                             PID    Runtime      # DAGs    # Errors  Last Runtime    Last Run
------------------------------------  -----  ---------  --------  ----------  --------------  -------------------
/opt/airflow/dags/bs_disaster_dag.py                           1           0  0.35s           2023-06-27T03:53:03
/opt/airflow/dags/hello.py                                     1           0  0.11s           2023-06-27T03:52:46
================================================================================
[2023-06-27T03:53:43.586+0000] {manager.py:889} INFO - 
================================================================================
DAG File Processing Stats

File Path                             PID    Runtime      # DAGs    # Errors  Last Runtime    Last Run
------------------------------------  -----  ---------  --------  ----------  --------------  -------------------
/opt/airflow/dags/bs_disaster_dag.py                           1           0  0.53s           2023-06-27T03:53:34
/opt/airflow/dags/hello.py                                     1           0  0.14s           2023-06-27T03:53:17
================================================================================
[2023-06-27T03:54:13.926+0000] {manager.py:889} INFO - 
================================================================================
DAG File Processing Stats

File Path                             PID    Runtime      # DAGs    # Errors  Last Runtime    Last Run
------------------------------------  -----  ---------  --------  ----------  --------------  -------------------
/opt/airflow/dags/bs_disaster_dag.py                           1           0  0.53s           2023-06-27T03:54:05
/opt/airflow/dags/hello.py                                     1           0  0.09s           2023-06-27T03:53:47
================================================================================
[2023-06-27T03:54:44.282+0000] {manager.py:889} INFO - 
================================================================================
DAG File Processing Stats

File Path                             PID    Runtime      # DAGs    # Errors  Last Runtime    Last Run
------------------------------------  -----  ---------  --------  ----------  --------------  -------------------
/opt/airflow/dags/bs_disaster_dag.py                           1           0  0.55s           2023-06-27T03:54:36
/opt/airflow/dags/hello.py                                     1           0  0.12s           2023-06-27T03:54:18
================================================================================
[2023-06-27T03:55:14.678+0000] {manager.py:889} INFO - 
================================================================================
DAG File Processing Stats

File Path                             PID    Runtime      # DAGs    # Errors  Last Runtime    Last Run
------------------------------------  -----  ---------  --------  ----------  --------------  -------------------
/opt/airflow/dags/bs_disaster_dag.py                           1           0  0.57s           2023-06-27T03:55:08
/opt/airflow/dags/hello.py                                     1           0  0.08s           2023-06-27T03:54:48
================================================================================
[2023-06-27T03:55:44.718+0000] {manager.py:889} INFO - 
================================================================================
DAG File Processing Stats

File Path                             PID    Runtime      # DAGs    # Errors  Last Runtime    Last Run
------------------------------------  -----  ---------  --------  ----------  --------------  -------------------
/opt/airflow/dags/bs_disaster_dag.py                           1           0  0.67s           2023-06-27T03:55:39
/opt/airflow/dags/hello.py                                     1           0  0.08s           2023-06-27T03:55:18
================================================================================
[2023-06-27T03:56:15.284+0000] {manager.py:889} INFO - 
================================================================================
DAG File Processing Stats

File Path                             PID    Runtime      # DAGs    # Errors  Last Runtime    Last Run
------------------------------------  -----  ---------  --------  ----------  --------------  -------------------
/opt/airflow/dags/bs_disaster_dag.py                           1           0  0.88s           2023-06-27T03:56:11
/opt/airflow/dags/hello.py                                     1           0  0.22s           2023-06-27T03:55:49
================================================================================
[2023-06-27T03:56:45.532+0000] {manager.py:889} INFO - 
================================================================================
DAG File Processing Stats

File Path                             PID    Runtime      # DAGs    # Errors  Last Runtime    Last Run
------------------------------------  -----  ---------  --------  ----------  --------------  -------------------
/opt/airflow/dags/bs_disaster_dag.py                           1           0  0.58s           2023-06-27T03:56:42
/opt/airflow/dags/hello.py                                     1           0  0.11s           2023-06-27T03:56:19
================================================================================
[2023-06-27T03:56:58.166+0000] {manager.py:758} INFO - Searching for files in /opt/airflow/dags
[2023-06-27T03:56:58.187+0000] {manager.py:761} INFO - There are 2 files in /opt/airflow/dags
[2023-06-27T03:57:15.961+0000] {manager.py:889} INFO - 
================================================================================
DAG File Processing Stats

File Path                             PID    Runtime      # DAGs    # Errors  Last Runtime    Last Run
------------------------------------  -----  ---------  --------  ----------  --------------  -------------------
/opt/airflow/dags/bs_disaster_dag.py                           1           0  0.55s           2023-06-27T03:57:13
/opt/airflow/dags/hello.py                                     1           0  0.08s           2023-06-27T03:56:50
================================================================================
[2023-06-27T03:57:46.277+0000] {manager.py:889} INFO - 
================================================================================
DAG File Processing Stats

File Path                             PID    Runtime      # DAGs    # Errors  Last Runtime    Last Run
------------------------------------  -----  ---------  --------  ----------  --------------  -------------------
/opt/airflow/dags/bs_disaster_dag.py                           1           0  0.52s           2023-06-27T03:57:45
/opt/airflow/dags/hello.py                                     1           0  0.10s           2023-06-27T03:57:20
================================================================================
[2023-06-27T03:58:16.786+0000] {manager.py:889} INFO - 
================================================================================
DAG File Processing Stats

File Path                             PID    Runtime      # DAGs    # Errors  Last Runtime    Last Run
------------------------------------  -----  ---------  --------  ----------  --------------  -------------------
/opt/airflow/dags/bs_disaster_dag.py                           1           0  0.61s           2023-06-27T03:58:16
/opt/airflow/dags/hello.py                                     1           0  0.10s           2023-06-27T03:57:50
================================================================================
[2023-06-27T03:58:47.643+0000] {manager.py:889} INFO - 
================================================================================
DAG File Processing Stats

File Path                               PID  Runtime      # DAGs    # Errors  Last Runtime    Last Run
------------------------------------  -----  ---------  --------  ----------  --------------  -------------------
/opt/airflow/dags/bs_disaster_dag.py   1066  0.02s             1           0  0.61s           2023-06-27T03:58:16
/opt/airflow/dags/hello.py                                     1           0  0.15s           2023-06-27T03:58:21
================================================================================
[2023-06-27T03:59:18.009+0000] {manager.py:889} INFO - 
================================================================================
DAG File Processing Stats

File Path                             PID    Runtime      # DAGs    # Errors  Last Runtime    Last Run
------------------------------------  -----  ---------  --------  ----------  --------------  -------------------
/opt/airflow/dags/bs_disaster_dag.py                           1           0  0.57s           2023-06-27T03:58:48
/opt/airflow/dags/hello.py                                     1           0  0.09s           2023-06-27T03:58:51
================================================================================
[2023-06-27T03:59:48.355+0000] {manager.py:889} INFO - 
================================================================================
DAG File Processing Stats

File Path                             PID    Runtime      # DAGs    # Errors  Last Runtime    Last Run
------------------------------------  -----  ---------  --------  ----------  --------------  -------------------
/opt/airflow/dags/bs_disaster_dag.py                           1           0  0.65s           2023-06-27T03:59:19
/opt/airflow/dags/hello.py                                     1           0  0.10s           2023-06-27T03:59:22
================================================================================
[2023-06-27T04:00:18.693+0000] {manager.py:889} INFO - 
================================================================================
DAG File Processing Stats

File Path                             PID    Runtime      # DAGs    # Errors  Last Runtime    Last Run
------------------------------------  -----  ---------  --------  ----------  --------------  -------------------
/opt/airflow/dags/bs_disaster_dag.py                           1           0  0.54s           2023-06-27T03:59:50
/opt/airflow/dags/hello.py                                     1           0  0.09s           2023-06-27T03:59:52
================================================================================
[2023-06-27T04:00:49.070+0000] {manager.py:889} INFO - 
================================================================================
DAG File Processing Stats

File Path                             PID    Runtime      # DAGs    # Errors  Last Runtime    Last Run
------------------------------------  -----  ---------  --------  ----------  --------------  -------------------
/opt/airflow/dags/bs_disaster_dag.py                           1           0  0.58s           2023-06-27T04:00:22
/opt/airflow/dags/hello.py                                     1           0  0.09s           2023-06-27T04:00:22
================================================================================
[2023-06-27T04:01:19.549+0000] {manager.py:889} INFO - 
================================================================================
DAG File Processing Stats

File Path                             PID    Runtime      # DAGs    # Errors  Last Runtime    Last Run
------------------------------------  -----  ---------  --------  ----------  --------------  -------------------
/opt/airflow/dags/bs_disaster_dag.py                           1           0  0.55s           2023-06-27T04:00:53
/opt/airflow/dags/hello.py                                     1           0  0.16s           2023-06-27T04:00:53
================================================================================
[2023-06-27T04:01:50.041+0000] {manager.py:889} INFO - 
================================================================================
DAG File Processing Stats

File Path                             PID    Runtime      # DAGs    # Errors  Last Runtime    Last Run
------------------------------------  -----  ---------  --------  ----------  --------------  -------------------
/opt/airflow/dags/bs_disaster_dag.py                           1           0  0.46s           2023-06-27T04:01:24
/opt/airflow/dags/hello.py                                     1           0  0.18s           2023-06-27T04:01:23
================================================================================
[2023-06-27T04:01:58.292+0000] {manager.py:758} INFO - Searching for files in /opt/airflow/dags
[2023-06-27T04:01:58.307+0000] {manager.py:761} INFO - There are 2 files in /opt/airflow/dags
[2023-06-27T04:02:20.574+0000] {manager.py:889} INFO - 
================================================================================
DAG File Processing Stats

File Path                             PID    Runtime      # DAGs    # Errors  Last Runtime    Last Run
------------------------------------  -----  ---------  --------  ----------  --------------  -------------------
/opt/airflow/dags/bs_disaster_dag.py                           1           0  0.48s           2023-06-27T04:01:55
/opt/airflow/dags/hello.py                                     1           0  0.16s           2023-06-27T04:01:54
================================================================================
[2023-06-27T04:02:51.069+0000] {manager.py:889} INFO - 
================================================================================
DAG File Processing Stats

File Path                             PID    Runtime      # DAGs    # Errors  Last Runtime    Last Run
------------------------------------  -----  ---------  --------  ----------  --------------  -------------------
/opt/airflow/dags/bs_disaster_dag.py                           1           0  0.53s           2023-06-27T04:02:26
/opt/airflow/dags/hello.py                                     1           0  0.17s           2023-06-27T04:02:24
================================================================================
[2023-06-27T04:03:21.089+0000] {manager.py:889} INFO - 
================================================================================
DAG File Processing Stats

File Path                             PID    Runtime      # DAGs    # Errors  Last Runtime    Last Run
------------------------------------  -----  ---------  --------  ----------  --------------  -------------------
/opt/airflow/dags/bs_disaster_dag.py                           1           0  0.52s           2023-06-27T04:02:56
/opt/airflow/dags/hello.py                                     1           0  0.13s           2023-06-27T04:02:55
================================================================================
[2023-06-27T04:03:51.430+0000] {manager.py:889} INFO - 
================================================================================
DAG File Processing Stats

File Path                             PID    Runtime      # DAGs    # Errors  Last Runtime    Last Run
------------------------------------  -----  ---------  --------  ----------  --------------  -------------------
/opt/airflow/dags/bs_disaster_dag.py                           1           0  0.54s           2023-06-27T04:03:28
/opt/airflow/dags/hello.py                                     1           0  0.18s           2023-06-27T04:03:25
================================================================================
[2023-06-27T04:04:21.472+0000] {manager.py:889} INFO - 
================================================================================
DAG File Processing Stats

File Path                             PID    Runtime      # DAGs    # Errors  Last Runtime    Last Run
------------------------------------  -----  ---------  --------  ----------  --------------  -------------------
/opt/airflow/dags/bs_disaster_dag.py                           1           0  0.45s           2023-06-27T04:03:58
/opt/airflow/dags/hello.py                                     1           0  0.14s           2023-06-27T04:03:56
================================================================================
[2023-06-27T04:04:51.940+0000] {manager.py:889} INFO - 
================================================================================
DAG File Processing Stats

File Path                             PID    Runtime      # DAGs    # Errors  Last Runtime    Last Run
------------------------------------  -----  ---------  --------  ----------  --------------  -------------------
/opt/airflow/dags/bs_disaster_dag.py                           1           0  0.51s           2023-06-27T04:04:29
/opt/airflow/dags/hello.py                                     1           0  0.13s           2023-06-27T04:04:26
================================================================================
[2023-06-27T04:05:22.385+0000] {manager.py:889} INFO - 
================================================================================
DAG File Processing Stats

File Path                             PID    Runtime      # DAGs    # Errors  Last Runtime    Last Run
------------------------------------  -----  ---------  --------  ----------  --------------  -------------------
/opt/airflow/dags/bs_disaster_dag.py                           1           0  0.59s           2023-06-27T04:05:00
/opt/airflow/dags/hello.py                                     1           0  0.13s           2023-06-27T04:04:57
================================================================================
[2023-06-27T04:05:52.841+0000] {manager.py:889} INFO - 
================================================================================
DAG File Processing Stats

File Path                             PID    Runtime      # DAGs    # Errors  Last Runtime    Last Run
------------------------------------  -----  ---------  --------  ----------  --------------  -------------------
/opt/airflow/dags/bs_disaster_dag.py                           1           0  0.51s           2023-06-27T04:05:32
/opt/airflow/dags/hello.py                                     1           0  0.14s           2023-06-27T04:05:27
================================================================================
[2023-06-27T04:06:22.960+0000] {manager.py:889} INFO - 
================================================================================
DAG File Processing Stats

File Path                             PID    Runtime      # DAGs    # Errors  Last Runtime    Last Run
------------------------------------  -----  ---------  --------  ----------  --------------  -------------------
/opt/airflow/dags/bs_disaster_dag.py                           1           0  0.59s           2023-06-27T04:06:02
/opt/airflow/dags/hello.py                                     1           0  0.19s           2023-06-27T04:05:58
================================================================================
[2023-06-27T04:06:53.299+0000] {manager.py:889} INFO - 
================================================================================
DAG File Processing Stats

File Path                             PID    Runtime      # DAGs    # Errors  Last Runtime    Last Run
------------------------------------  -----  ---------  --------  ----------  --------------  -------------------
/opt/airflow/dags/bs_disaster_dag.py                           1           0  0.53s           2023-06-27T04:06:34
/opt/airflow/dags/hello.py                                     1           0  0.14s           2023-06-27T04:06:28
================================================================================
[2023-06-27T04:06:58.368+0000] {manager.py:758} INFO - Searching for files in /opt/airflow/dags
[2023-06-27T04:06:58.391+0000] {manager.py:761} INFO - There are 2 files in /opt/airflow/dags
[2023-06-27T04:07:23.333+0000] {manager.py:889} INFO - 
================================================================================
DAG File Processing Stats

File Path                             PID    Runtime      # DAGs    # Errors  Last Runtime    Last Run
------------------------------------  -----  ---------  --------  ----------  --------------  -------------------
/opt/airflow/dags/bs_disaster_dag.py                           1           0  0.74s           2023-06-27T04:07:04
/opt/airflow/dags/hello.py                                     1           0  0.15s           2023-06-27T04:06:59
================================================================================
[2023-06-27T04:07:53.527+0000] {manager.py:889} INFO - 
================================================================================
DAG File Processing Stats

File Path                             PID    Runtime      # DAGs    # Errors  Last Runtime    Last Run
------------------------------------  -----  ---------  --------  ----------  --------------  -------------------
/opt/airflow/dags/bs_disaster_dag.py                           1           0  0.50s           2023-06-27T04:07:35
/opt/airflow/dags/hello.py                                     1           0  0.14s           2023-06-27T04:07:29
================================================================================
[2023-06-27T04:08:23.982+0000] {manager.py:889} INFO - 
================================================================================
DAG File Processing Stats

File Path                             PID    Runtime      # DAGs    # Errors  Last Runtime    Last Run
------------------------------------  -----  ---------  --------  ----------  --------------  -------------------
/opt/airflow/dags/bs_disaster_dag.py                           1           0  0.52s           2023-06-27T04:08:06
/opt/airflow/dags/hello.py                                     1           0  0.14s           2023-06-27T04:07:59
================================================================================
[2023-06-27T04:08:54.337+0000] {manager.py:889} INFO - 
================================================================================
DAG File Processing Stats

File Path                             PID    Runtime      # DAGs    # Errors  Last Runtime    Last Run
------------------------------------  -----  ---------  --------  ----------  --------------  -------------------
/opt/airflow/dags/bs_disaster_dag.py                           1           0  0.43s           2023-06-27T04:08:37
/opt/airflow/dags/hello.py                                     1           0  0.10s           2023-06-27T04:08:30
================================================================================
[2023-06-27T04:09:24.367+0000] {manager.py:889} INFO - 
================================================================================
DAG File Processing Stats

File Path                             PID    Runtime      # DAGs    # Errors  Last Runtime    Last Run
------------------------------------  -----  ---------  --------  ----------  --------------  -------------------
/opt/airflow/dags/bs_disaster_dag.py                           1           0  0.57s           2023-06-27T04:09:08
/opt/airflow/dags/hello.py                                     1           0  0.13s           2023-06-27T04:09:00
================================================================================
[2023-06-27T04:09:54.657+0000] {manager.py:889} INFO - 
================================================================================
DAG File Processing Stats

File Path                             PID    Runtime      # DAGs    # Errors  Last Runtime    Last Run
------------------------------------  -----  ---------  --------  ----------  --------------  -------------------
/opt/airflow/dags/bs_disaster_dag.py                           1           0  0.55s           2023-06-27T04:09:39
/opt/airflow/dags/hello.py                                     1           0  0.14s           2023-06-27T04:09:30
================================================================================
[2023-06-27T04:10:14.674+0000] {manager.py:470} INFO - Exiting gracefully upon receiving signal 15
