[2023-07-27T04:00:07.946+0000] {taskinstance.py:1103} INFO - Dependencies all met for dep_context=non-requeueable deps ti=<TaskInstance: bs_customer_invoice_dag.start_template_job scheduled__2023-07-26T04:00:00+00:00 [queued]>
[2023-07-27T04:00:07.952+0000] {taskinstance.py:1103} INFO - Dependencies all met for dep_context=requeueable deps ti=<TaskInstance: bs_customer_invoice_dag.start_template_job scheduled__2023-07-26T04:00:00+00:00 [queued]>
[2023-07-27T04:00:07.952+0000] {taskinstance.py:1308} INFO - Starting attempt 1 of 1
[2023-07-27T04:00:07.959+0000] {taskinstance.py:1327} INFO - Executing <Task(DataflowTemplatedJobStartOperator): start_template_job> on 2023-07-26 04:00:00+00:00
[2023-07-27T04:00:07.964+0000] {standard_task_runner.py:57} INFO - Started process 6653 to run task
[2023-07-27T04:00:07.968+0000] {standard_task_runner.py:84} INFO - Running: ['***', 'tasks', 'run', 'bs_customer_invoice_dag', 'start_template_job', 'scheduled__2023-07-26T04:00:00+00:00', '--job-id', '49', '--raw', '--subdir', 'DAGS_FOLDER/bs_customer_invoice_chinook_dag.py', '--cfg-path', '/tmp/tmpeblbxapy']
[2023-07-27T04:00:07.970+0000] {standard_task_runner.py:85} INFO - Job 49: Subtask start_template_job
[2023-07-27T04:00:08.006+0000] {task_command.py:410} INFO - Running <TaskInstance: bs_customer_invoice_dag.start_template_job scheduled__2023-07-26T04:00:00+00:00 [running]> on host 53e9620c1516
[2023-07-27T04:00:08.053+0000] {taskinstance.py:1547} INFO - Exporting env vars: AIRFLOW_CTX_DAG_EMAIL='npdangkhoa2020@gmail.com' AIRFLOW_CTX_DAG_OWNER='okza' AIRFLOW_CTX_DAG_ID='bs_customer_invoice_dag' AIRFLOW_CTX_TASK_ID='start_template_job' AIRFLOW_CTX_EXECUTION_DATE='2023-07-26T04:00:00+00:00' AIRFLOW_CTX_TRY_NUMBER='1' AIRFLOW_CTX_DAG_RUN_ID='scheduled__2023-07-26T04:00:00+00:00'
[2023-07-27T04:00:08.060+0000] {base.py:73} INFO - Using connection ID 'google_cloud_default' for task execution.
[2023-07-27T04:00:15.863+0000] {dataflow.py:425} INFO - Start waiting for done.
[2023-07-27T04:00:17.206+0000] {dataflow.py:388} INFO - Google Cloud DataFlow job my-dataflow-job-0fa26d22 is state: JOB_STATE_PENDING
[2023-07-27T04:00:17.208+0000] {dataflow.py:428} INFO - Waiting for done. Sleep 10 s
[2023-07-27T04:00:27.528+0000] {dataflow.py:388} INFO - Google Cloud DataFlow job my-dataflow-job-0fa26d22 is state: JOB_STATE_RUNNING
[2023-07-27T04:00:27.534+0000] {dataflow.py:428} INFO - Waiting for done. Sleep 10 s
[2023-07-27T04:00:37.922+0000] {dataflow.py:388} INFO - Google Cloud DataFlow job my-dataflow-job-0fa26d22 is state: JOB_STATE_RUNNING
[2023-07-27T04:00:37.923+0000] {dataflow.py:428} INFO - Waiting for done. Sleep 10 s
[2023-07-27T04:00:48.243+0000] {dataflow.py:388} INFO - Google Cloud DataFlow job my-dataflow-job-0fa26d22 is state: JOB_STATE_RUNNING
[2023-07-27T04:00:48.246+0000] {dataflow.py:428} INFO - Waiting for done. Sleep 10 s
[2023-07-27T04:00:58.614+0000] {dataflow.py:388} INFO - Google Cloud DataFlow job my-dataflow-job-0fa26d22 is state: JOB_STATE_RUNNING
[2023-07-27T04:00:58.616+0000] {dataflow.py:428} INFO - Waiting for done. Sleep 10 s
[2023-07-27T04:01:08.942+0000] {dataflow.py:388} INFO - Google Cloud DataFlow job my-dataflow-job-0fa26d22 is state: JOB_STATE_RUNNING
[2023-07-27T04:01:08.955+0000] {dataflow.py:428} INFO - Waiting for done. Sleep 10 s
[2023-07-27T04:01:19.262+0000] {dataflow.py:388} INFO - Google Cloud DataFlow job my-dataflow-job-0fa26d22 is state: JOB_STATE_RUNNING
[2023-07-27T04:01:19.270+0000] {dataflow.py:428} INFO - Waiting for done. Sleep 10 s
[2023-07-27T04:01:29.582+0000] {dataflow.py:388} INFO - Google Cloud DataFlow job my-dataflow-job-0fa26d22 is state: JOB_STATE_RUNNING
[2023-07-27T04:01:29.586+0000] {dataflow.py:428} INFO - Waiting for done. Sleep 10 s
[2023-07-27T04:01:39.918+0000] {dataflow.py:388} INFO - Google Cloud DataFlow job my-dataflow-job-0fa26d22 is state: JOB_STATE_RUNNING
[2023-07-27T04:01:39.923+0000] {dataflow.py:428} INFO - Waiting for done. Sleep 10 s
[2023-07-27T04:01:50.215+0000] {dataflow.py:388} INFO - Google Cloud DataFlow job my-dataflow-job-0fa26d22 is state: JOB_STATE_RUNNING
[2023-07-27T04:01:50.217+0000] {dataflow.py:428} INFO - Waiting for done. Sleep 10 s
[2023-07-27T04:02:00.547+0000] {dataflow.py:388} INFO - Google Cloud DataFlow job my-dataflow-job-0fa26d22 is state: JOB_STATE_RUNNING
[2023-07-27T04:02:00.552+0000] {dataflow.py:428} INFO - Waiting for done. Sleep 10 s
[2023-07-27T04:02:10.840+0000] {dataflow.py:388} INFO - Google Cloud DataFlow job my-dataflow-job-0fa26d22 is state: JOB_STATE_RUNNING
[2023-07-27T04:02:10.843+0000] {dataflow.py:428} INFO - Waiting for done. Sleep 10 s
[2023-07-27T04:02:21.265+0000] {dataflow.py:388} INFO - Google Cloud DataFlow job my-dataflow-job-0fa26d22 is state: JOB_STATE_RUNNING
[2023-07-27T04:02:21.272+0000] {dataflow.py:428} INFO - Waiting for done. Sleep 10 s
[2023-07-27T04:02:31.588+0000] {dataflow.py:388} INFO - Google Cloud DataFlow job my-dataflow-job-0fa26d22 is state: JOB_STATE_RUNNING
[2023-07-27T04:02:31.591+0000] {dataflow.py:428} INFO - Waiting for done. Sleep 10 s
[2023-07-27T04:02:41.889+0000] {dataflow.py:388} INFO - Google Cloud DataFlow job my-dataflow-job-0fa26d22 is state: JOB_STATE_RUNNING
[2023-07-27T04:02:41.891+0000] {dataflow.py:428} INFO - Waiting for done. Sleep 10 s
[2023-07-27T04:02:52.273+0000] {dataflow.py:388} INFO - Google Cloud DataFlow job my-dataflow-job-0fa26d22 is state: JOB_STATE_RUNNING
[2023-07-27T04:02:52.275+0000] {dataflow.py:428} INFO - Waiting for done. Sleep 10 s
[2023-07-27T04:03:02.617+0000] {dataflow.py:388} INFO - Google Cloud DataFlow job my-dataflow-job-0fa26d22 is state: JOB_STATE_RUNNING
[2023-07-27T04:03:02.621+0000] {dataflow.py:428} INFO - Waiting for done. Sleep 10 s
[2023-07-27T04:03:12.920+0000] {dataflow.py:388} INFO - Google Cloud DataFlow job my-dataflow-job-0fa26d22 is state: JOB_STATE_RUNNING
[2023-07-27T04:03:12.921+0000] {dataflow.py:428} INFO - Waiting for done. Sleep 10 s
[2023-07-27T04:03:23.303+0000] {dataflow.py:388} INFO - Google Cloud DataFlow job my-dataflow-job-0fa26d22 is state: JOB_STATE_RUNNING
[2023-07-27T04:03:23.307+0000] {dataflow.py:428} INFO - Waiting for done. Sleep 10 s
[2023-07-27T04:03:33.618+0000] {dataflow.py:388} INFO - Google Cloud DataFlow job my-dataflow-job-0fa26d22 is state: JOB_STATE_RUNNING
[2023-07-27T04:03:33.623+0000] {dataflow.py:428} INFO - Waiting for done. Sleep 10 s
[2023-07-27T04:03:43.930+0000] {dataflow.py:388} INFO - Google Cloud DataFlow job my-dataflow-job-0fa26d22 is state: JOB_STATE_RUNNING
[2023-07-27T04:03:43.932+0000] {dataflow.py:428} INFO - Waiting for done. Sleep 10 s
[2023-07-27T04:03:54.295+0000] {dataflow.py:388} INFO - Google Cloud DataFlow job my-dataflow-job-0fa26d22 is state: JOB_STATE_RUNNING
[2023-07-27T04:03:54.309+0000] {dataflow.py:428} INFO - Waiting for done. Sleep 10 s
[2023-07-27T04:04:04.672+0000] {dataflow.py:388} INFO - Google Cloud DataFlow job my-dataflow-job-0fa26d22 is state: JOB_STATE_RUNNING
[2023-07-27T04:04:04.680+0000] {dataflow.py:428} INFO - Waiting for done. Sleep 10 s
[2023-07-27T04:04:15.019+0000] {dataflow.py:388} INFO - Google Cloud DataFlow job my-dataflow-job-0fa26d22 is state: JOB_STATE_RUNNING
[2023-07-27T04:04:15.023+0000] {dataflow.py:428} INFO - Waiting for done. Sleep 10 s
[2023-07-27T04:04:25.356+0000] {dataflow.py:388} INFO - Google Cloud DataFlow job my-dataflow-job-0fa26d22 is state: JOB_STATE_RUNNING
[2023-07-27T04:04:25.360+0000] {dataflow.py:428} INFO - Waiting for done. Sleep 10 s
[2023-07-27T04:04:35.702+0000] {dataflow.py:388} INFO - Google Cloud DataFlow job my-dataflow-job-0fa26d22 is state: JOB_STATE_RUNNING
[2023-07-27T04:04:35.708+0000] {dataflow.py:428} INFO - Waiting for done. Sleep 10 s
[2023-07-27T04:04:46.140+0000] {dataflow.py:388} INFO - Google Cloud DataFlow job my-dataflow-job-0fa26d22 is state: JOB_STATE_DONE
[2023-07-27T04:04:46.174+0000] {taskinstance.py:1350} INFO - Marking task as SUCCESS. dag_id=bs_customer_invoice_dag, task_id=start_template_job, execution_date=20230726T040000, start_date=20230727T040007, end_date=20230727T040446
[2023-07-27T04:04:46.254+0000] {local_task_job_runner.py:225} INFO - Task exited with return code 0
[2023-07-27T04:04:46.272+0000] {taskinstance.py:2651} INFO - 0 downstream tasks scheduled from follow-on schedule check
